2022-04-11 08:37:30 INFO  main c.w.a.a.AcsserviceApplication Starting AcsserviceApplication using Java 11.0.10 on DESKTOP-SPKKHPB with PID 18976 (D:\08_aero\00_code\ACSService\target\classes started by ansen in D:\08_aero\00_code\ACSService)
2022-04-11 08:37:30 INFO  main c.w.a.a.AcsserviceApplication The following 1 profile is active: "dev"
2022-04-11 08:37:33 INFO  main o.s.b.w.e.t.TomcatWebServer Tomcat initialized with port(s): 9250 (http)
2022-04-11 08:37:33 INFO  main o.a.c.h.Http11NioProtocol Initializing ProtocolHandler ["http-nio-9250"]
2022-04-11 08:37:33 INFO  main o.a.c.c.StandardService Starting service [Tomcat]
2022-04-11 08:37:33 INFO  main o.a.c.c.StandardEngine Starting Servlet engine: [Apache Tomcat/9.0.58]
2022-04-11 08:37:33 INFO  main o.a.c.c.C.[.[.[/]    Initializing Spring embedded WebApplicationContext
2022-04-11 08:37:33 INFO  main o.s.b.w.s.c.ServletWebServerApplicationContext Root WebApplicationContext: initialization completed in 2536 ms
2022-04-11 08:37:33 INFO  main c.a.d.s.b.a.DruidDataSourceAutoConfigure Init DruidDataSource
2022-04-11 08:37:33 INFO  main c.a.d.p.DruidDataSource {dataSource-1} inited
2022-04-11 08:37:34 WARN  main c.b.m.c.m.TableInfoHelper Can not find table primary key in Class: "com.wim.aero.acs.db.entity.Apb".
2022-04-11 08:37:34 WARN  main c.b.m.c.i.DefaultSqlInjector class com.wim.aero.acs.db.entity.Apb ,Not found @TableId annotation, Cannot use Mybatis-Plus 'xxById' Method.
2022-04-11 08:37:34 WARN  main c.b.m.c.m.TableInfoHelper Can not find table primary key in Class: "com.wim.aero.acs.db.entity.CCardInfo".
2022-04-11 08:37:34 WARN  main c.b.m.c.i.DefaultSqlInjector class com.wim.aero.acs.db.entity.CCardInfo ,Not found @TableId annotation, Cannot use Mybatis-Plus 'xxById' Method.
2022-04-11 08:37:34 WARN  main c.b.m.c.m.TableInfoHelper Can not find table primary key in Class: "com.wim.aero.acs.db.entity.CardFormat".
2022-04-11 08:37:34 WARN  main c.b.m.c.i.DefaultSqlInjector class com.wim.aero.acs.db.entity.CardFormat ,Not found @TableId annotation, Cannot use Mybatis-Plus 'xxById' Method.
2022-04-11 08:37:34 WARN  main c.b.m.c.m.TableInfoHelper Can not find table primary key in Class: "com.wim.aero.acs.db.entity.DAccessLevelDoor".
2022-04-11 08:37:34 WARN  main c.b.m.c.i.DefaultSqlInjector class com.wim.aero.acs.db.entity.DAccessLevelDoor ,Not found @TableId annotation, Cannot use Mybatis-Plus 'xxById' Method.
2022-04-11 08:37:34 WARN  main c.b.m.c.m.TableInfoHelper Can not find table primary key in Class: "com.wim.aero.acs.db.entity.DAccessLevel".
2022-04-11 08:37:34 WARN  main c.b.m.c.i.DefaultSqlInjector class com.wim.aero.acs.db.entity.DAccessLevel ,Not found @TableId annotation, Cannot use Mybatis-Plus 'xxById' Method.
2022-04-11 08:37:34 WARN  main c.b.m.c.m.TableInfoHelper Can not find table primary key in Class: "com.wim.aero.acs.db.entity.DHoliday".
2022-04-11 08:37:34 WARN  main c.b.m.c.i.DefaultSqlInjector class com.wim.aero.acs.db.entity.DHoliday ,Not found @TableId annotation, Cannot use Mybatis-Plus 'xxById' Method.
2022-04-11 08:37:34 WARN  main c.b.m.c.m.TableInfoHelper Can not find table primary key in Class: "com.wim.aero.acs.db.entity.DSchedulesGroupDetail".
2022-04-11 08:37:34 WARN  main c.b.m.c.i.DefaultSqlInjector class com.wim.aero.acs.db.entity.DSchedulesGroupDetail ,Not found @TableId annotation, Cannot use Mybatis-Plus 'xxById' Method.
2022-04-11 08:37:34 WARN  main c.b.m.c.m.TableInfoHelper Can not find table primary key in Class: "com.wim.aero.acs.db.entity.DSchedulesGroup".
2022-04-11 08:37:34 WARN  main c.b.m.c.i.DefaultSqlInjector class com.wim.aero.acs.db.entity.DSchedulesGroup ,Not found @TableId annotation, Cannot use Mybatis-Plus 'xxById' Method.
2022-04-11 08:37:34 WARN  main c.b.m.c.m.TableInfoHelper Can not find table primary key in Class: "com.wim.aero.acs.db.entity.DSchedules".
2022-04-11 08:37:34 WARN  main c.b.m.c.i.DefaultSqlInjector class com.wim.aero.acs.db.entity.DSchedules ,Not found @TableId annotation, Cannot use Mybatis-Plus 'xxById' Method.
2022-04-11 08:37:34 WARN  main c.b.m.c.m.TableInfoHelper Can not find table primary key in Class: "com.wim.aero.acs.db.entity.DefenceInput".
2022-04-11 08:37:34 WARN  main c.b.m.c.i.DefaultSqlInjector class com.wim.aero.acs.db.entity.DefenceInput ,Not found @TableId annotation, Cannot use Mybatis-Plus 'xxById' Method.
2022-04-11 08:37:34 WARN  main c.b.m.c.m.TableInfoHelper Can not find table primary key in Class: "com.wim.aero.acs.db.entity.DevControllerCommonAttribute".
2022-04-11 08:37:34 WARN  main c.b.m.c.i.DefaultSqlInjector class com.wim.aero.acs.db.entity.DevControllerCommonAttribute ,Not found @TableId annotation, Cannot use Mybatis-Plus 'xxById' Method.
2022-04-11 08:37:34 WARN  main c.b.m.c.m.TableInfoHelper Can not find table primary key in Class: "com.wim.aero.acs.db.entity.EleLevelReader".
2022-04-11 08:37:34 WARN  main c.b.m.c.i.DefaultSqlInjector class com.wim.aero.acs.db.entity.EleLevelReader ,Not found @TableId annotation, Cannot use Mybatis-Plus 'xxById' Method.
2022-04-11 08:37:36 INFO  main c.w.a.a.c.Swagger3Config Swagger3接口文档地址: http://192.168.2.147:9250/swagger-ui.html
2022-04-11 08:37:36 INFO  main c.w.a.a.c.Swagger3Config Knife4j增强接口文档地址: http://192.168.2.147:9250/doc.html
2022-04-11 08:37:37 INFO  main o.a.c.h.Http11NioProtocol Starting ProtocolHandler ["http-nio-9250"]
2022-04-11 08:37:37 INFO  main o.s.b.w.e.t.TomcatWebServer Tomcat started on port(s): 9250 (http) with context path ''
2022-04-11 08:37:37 INFO  main c.w.a.a.AcsserviceApplication Started AcsserviceApplication in 8.429 seconds (JVM running for 10.986)
2022-04-11 08:39:03 INFO  http-nio-9250-exec-1 o.a.c.c.C.[.[.[/]    Initializing Spring DispatcherServlet 'dispatcherServlet'
2022-04-11 08:39:03 INFO  http-nio-9250-exec-1 o.s.w.s.DispatcherServlet Initializing Servlet 'dispatcherServlet'
2022-04-11 08:39:03 INFO  http-nio-9250-exec-1 o.s.w.s.DispatcherServlet Completed initialization in 1 ms
2022-04-11 08:39:03 INFO  http-nio-9250-exec-1 c.w.a.a.m.RequestMessage [SCP:134] - 1013 134 0 4 1 100 "192.168.2.237.3001" "" 15000 0 0 0 0 ""
2022-04-11 08:39:03 INFO  http-nio-9250-exec-1 c.w.a.a.s.RestUtil   [sendSingleCmd]- {"scpId":"134","scpCommand":"1013 134 0 4 1 100 \"192.168.2.237.3001\" \"\" 15000 0 0 0 0 \"\"","streamId":"f6d16de1-72a9-4f13-875f-53a19551d307"}
2022-04-11 08:39:03 INFO  http-nio-9250-exec-1 c.w.a.a.s.RestUtil   [Post]https://192.168.2.72:7087/SingleCmd - {"scpId":"134","scpCommand":"1013 134 0 4 1 100 \"192.168.2.237.3001\" \"\" 15000 0 0 0 0 \"\"","streamId":"f6d16de1-72a9-4f13-875f-53a19551d307"}
2022-04-11 08:39:06 ERROR http-nio-9250-exec-1 c.w.a.a.a.ResultBeanExceptionHandler 其他异常
org.springframework.web.client.ResourceAccessException: I/O error on POST request for "https://192.168.2.72:7087/SingleCmd": Connect to 192.168.2.72:7087 [/192.168.2.72] failed: connect timed out; nested exception is org.apache.http.conn.ConnectTimeoutException: Connect to 192.168.2.72:7087 [/192.168.2.72] failed: connect timed out
	at org.springframework.web.client.RestTemplate.doExecute(RestTemplate.java:785)
	at org.springframework.web.client.RestTemplate.execute(RestTemplate.java:711)
	at org.springframework.web.client.RestTemplate.postForEntity(RestTemplate.java:468)
	at com.wim.aero.acs.service.RestUtil.post(RestUtil.java:136)
	at com.wim.aero.acs.service.RestUtil.sendSingleCmd(RestUtil.java:60)
	at com.wim.aero.acs.controller.ScpController.connectScp(ScpController.java:63)
	at java.base/jdk.internal.reflect.NativeMethodAccessorImpl.invoke0(Native Method)
	at java.base/jdk.internal.reflect.NativeMethodAccessorImpl.invoke(NativeMethodAccessorImpl.java:62)
	at java.base/jdk.internal.reflect.DelegatingMethodAccessorImpl.invoke(DelegatingMethodAccessorImpl.java:43)
	at java.base/java.lang.reflect.Method.invoke(Method.java:566)
	at org.springframework.web.method.support.InvocableHandlerMethod.doInvoke(InvocableHandlerMethod.java:205)
	at org.springframework.web.method.support.InvocableHandlerMethod.invokeForRequest(InvocableHandlerMethod.java:150)
	at org.springframework.web.servlet.mvc.method.annotation.ServletInvocableHandlerMethod.invokeAndHandle(ServletInvocableHandlerMethod.java:117)
	at org.springframework.web.servlet.mvc.method.annotation.RequestMappingHandlerAdapter.invokeHandlerMethod(RequestMappingHandlerAdapter.java:895)
	at org.springframework.web.servlet.mvc.method.annotation.RequestMappingHandlerAdapter.handleInternal(RequestMappingHandlerAdapter.java:808)
	at org.springframework.web.servlet.mvc.method.AbstractHandlerMethodAdapter.handle(AbstractHandlerMethodAdapter.java:87)
	at org.springframework.web.servlet.DispatcherServlet.doDispatch(DispatcherServlet.java:1067)
	at org.springframework.web.servlet.DispatcherServlet.doService(DispatcherServlet.java:963)
	at org.springframework.web.servlet.FrameworkServlet.processRequest(FrameworkServlet.java:1006)
	at org.springframework.web.servlet.FrameworkServlet.doPost(FrameworkServlet.java:909)
	at javax.servlet.http.HttpServlet.service(HttpServlet.java:681)
	at org.springframework.web.servlet.FrameworkServlet.service(FrameworkServlet.java:883)
	at javax.servlet.http.HttpServlet.service(HttpServlet.java:764)
	at org.apache.catalina.core.ApplicationFilterChain.internalDoFilter(ApplicationFilterChain.java:227)
	at org.apache.catalina.core.ApplicationFilterChain.doFilter(ApplicationFilterChain.java:162)
	at org.apache.tomcat.websocket.server.WsFilter.doFilter(WsFilter.java:53)
	at org.apache.catalina.core.ApplicationFilterChain.internalDoFilter(ApplicationFilterChain.java:189)
	at org.apache.catalina.core.ApplicationFilterChain.doFilter(ApplicationFilterChain.java:162)
	at org.springframework.web.filter.CharacterEncodingFilter.doFilterInternal(CharacterEncodingFilter.java:201)
	at org.springframework.web.filter.OncePerRequestFilter.doFilter(OncePerRequestFilter.java:117)
	at org.apache.catalina.core.ApplicationFilterChain.internalDoFilter(ApplicationFilterChain.java:189)
	at org.apache.catalina.core.ApplicationFilterChain.doFilter(ApplicationFilterChain.java:162)
	at org.apache.catalina.core.StandardWrapperValve.invoke(StandardWrapperValve.java:197)
	at org.apache.catalina.core.StandardContextValve.invoke(StandardContextValve.java:97)
	at org.apache.catalina.authenticator.AuthenticatorBase.invoke(AuthenticatorBase.java:540)
	at org.apache.catalina.core.StandardHostValve.invoke(StandardHostValve.java:135)
	at org.apache.catalina.valves.ErrorReportValve.invoke(ErrorReportValve.java:92)
	at org.apache.catalina.core.StandardEngineValve.invoke(StandardEngineValve.java:78)
	at org.apache.catalina.connector.CoyoteAdapter.service(CoyoteAdapter.java:359)
	at org.apache.coyote.http11.Http11Processor.service(Http11Processor.java:399)
	at org.apache.coyote.AbstractProcessorLight.process(AbstractProcessorLight.java:65)
	at org.apache.coyote.AbstractProtocol$ConnectionHandler.process(AbstractProtocol.java:889)
	at org.apache.tomcat.util.net.NioEndpoint$SocketProcessor.doRun(NioEndpoint.java:1735)
	at org.apache.tomcat.util.net.SocketProcessorBase.run(SocketProcessorBase.java:49)
	at org.apache.tomcat.util.threads.ThreadPoolExecutor.runWorker(ThreadPoolExecutor.java:1191)
	at org.apache.tomcat.util.threads.ThreadPoolExecutor$Worker.run(ThreadPoolExecutor.java:659)
	at org.apache.tomcat.util.threads.TaskThread$WrappingRunnable.run(TaskThread.java:61)
	at java.base/java.lang.Thread.run(Thread.java:834)
Caused by: org.apache.http.conn.ConnectTimeoutException: Connect to 192.168.2.72:7087 [/192.168.2.72] failed: connect timed out
	at org.apache.http.impl.conn.DefaultHttpClientConnectionOperator.connect(DefaultHttpClientConnectionOperator.java:151)
	at org.apache.http.impl.conn.PoolingHttpClientConnectionManager.connect(PoolingHttpClientConnectionManager.java:373)
	at org.apache.http.impl.execchain.MainClientExec.establishRoute(MainClientExec.java:394)
	at org.apache.http.impl.execchain.MainClientExec.execute(MainClientExec.java:237)
	at org.apache.http.impl.execchain.ProtocolExec.execute(ProtocolExec.java:185)
	at org.apache.http.impl.execchain.RetryExec.execute(RetryExec.java:89)
	at org.apache.http.impl.execchain.RedirectExec.execute(RedirectExec.java:110)
	at org.apache.http.impl.client.InternalHttpClient.doExecute(InternalHttpClient.java:185)
	at org.apache.http.impl.client.CloseableHttpClient.execute(CloseableHttpClient.java:83)
	at org.apache.http.impl.client.CloseableHttpClient.execute(CloseableHttpClient.java:56)
	at org.springframework.http.client.HttpComponentsClientHttpRequest.executeInternal(HttpComponentsClientHttpRequest.java:87)
	at org.springframework.http.client.AbstractBufferingClientHttpRequest.executeInternal(AbstractBufferingClientHttpRequest.java:48)
	at org.springframework.http.client.AbstractClientHttpRequest.execute(AbstractClientHttpRequest.java:66)
	at org.springframework.web.client.RestTemplate.doExecute(RestTemplate.java:776)
	... 47 common frames omitted
Caused by: java.net.SocketTimeoutException: connect timed out
	at java.base/java.net.PlainSocketImpl.waitForConnect(Native Method)
	at java.base/java.net.PlainSocketImpl.socketConnect(PlainSocketImpl.java:107)
	at java.base/java.net.AbstractPlainSocketImpl.doConnect(AbstractPlainSocketImpl.java:399)
	at java.base/java.net.AbstractPlainSocketImpl.connectToAddress(AbstractPlainSocketImpl.java:242)
	at java.base/java.net.AbstractPlainSocketImpl.connect(AbstractPlainSocketImpl.java:224)
	at java.base/java.net.SocksSocketImpl.connect(SocksSocketImpl.java:392)
	at java.base/java.net.Socket.connect(Socket.java:608)
	at org.apache.http.conn.ssl.SSLConnectionSocketFactory.connectSocket(SSLConnectionSocketFactory.java:339)
	at org.apache.http.impl.conn.DefaultHttpClientConnectionOperator.connect(DefaultHttpClientConnectionOperator.java:142)
	... 60 common frames omitted
2022-04-11 08:40:56 INFO  http-nio-9250-exec-2 c.w.a.a.m.RequestMessage [SCP:134] - 1013 134 0 4 1 100 "192.168.2.237.3001" "" 15000 0 0 0 0 ""
2022-04-11 08:40:56 INFO  http-nio-9250-exec-2 c.w.a.a.s.RestUtil   [sendSingleCmd]- {"scpId":"134","scpCommand":"1013 134 0 4 1 100 \"192.168.2.237.3001\" \"\" 15000 0 0 0 0 \"\"","streamId":"6779f289-a017-4937-8bf5-79c2393feb2b"}
2022-04-11 08:40:56 INFO  http-nio-9250-exec-2 c.w.a.a.s.RestUtil   [Post]https://192.168.2.72:7087/SingleCmd - {"scpId":"134","scpCommand":"1013 134 0 4 1 100 \"192.168.2.237.3001\" \"\" 15000 0 0 0 0 \"\"","streamId":"6779f289-a017-4937-8bf5-79c2393feb2b"}
2022-04-11 08:40:59 ERROR http-nio-9250-exec-2 c.w.a.a.a.ResultBeanExceptionHandler 其他异常
org.springframework.web.client.ResourceAccessException: I/O error on POST request for "https://192.168.2.72:7087/SingleCmd": Connect to 192.168.2.72:7087 [/192.168.2.72] failed: connect timed out; nested exception is org.apache.http.conn.ConnectTimeoutException: Connect to 192.168.2.72:7087 [/192.168.2.72] failed: connect timed out
	at org.springframework.web.client.RestTemplate.doExecute(RestTemplate.java:785)
	at org.springframework.web.client.RestTemplate.execute(RestTemplate.java:711)
	at org.springframework.web.client.RestTemplate.postForEntity(RestTemplate.java:468)
	at com.wim.aero.acs.service.RestUtil.post(RestUtil.java:136)
	at com.wim.aero.acs.service.RestUtil.sendSingleCmd(RestUtil.java:60)
	at com.wim.aero.acs.controller.ScpController.connectScp(ScpController.java:63)
	at java.base/jdk.internal.reflect.NativeMethodAccessorImpl.invoke0(Native Method)
	at java.base/jdk.internal.reflect.NativeMethodAccessorImpl.invoke(NativeMethodAccessorImpl.java:62)
	at java.base/jdk.internal.reflect.DelegatingMethodAccessorImpl.invoke(DelegatingMethodAccessorImpl.java:43)
	at java.base/java.lang.reflect.Method.invoke(Method.java:566)
	at org.springframework.web.method.support.InvocableHandlerMethod.doInvoke(InvocableHandlerMethod.java:205)
	at org.springframework.web.method.support.InvocableHandlerMethod.invokeForRequest(InvocableHandlerMethod.java:150)
	at org.springframework.web.servlet.mvc.method.annotation.ServletInvocableHandlerMethod.invokeAndHandle(ServletInvocableHandlerMethod.java:117)
	at org.springframework.web.servlet.mvc.method.annotation.RequestMappingHandlerAdapter.invokeHandlerMethod(RequestMappingHandlerAdapter.java:895)
	at org.springframework.web.servlet.mvc.method.annotation.RequestMappingHandlerAdapter.handleInternal(RequestMappingHandlerAdapter.java:808)
	at org.springframework.web.servlet.mvc.method.AbstractHandlerMethodAdapter.handle(AbstractHandlerMethodAdapter.java:87)
	at org.springframework.web.servlet.DispatcherServlet.doDispatch(DispatcherServlet.java:1067)
	at org.springframework.web.servlet.DispatcherServlet.doService(DispatcherServlet.java:963)
	at org.springframework.web.servlet.FrameworkServlet.processRequest(FrameworkServlet.java:1006)
	at org.springframework.web.servlet.FrameworkServlet.doPost(FrameworkServlet.java:909)
	at javax.servlet.http.HttpServlet.service(HttpServlet.java:681)
	at org.springframework.web.servlet.FrameworkServlet.service(FrameworkServlet.java:883)
	at javax.servlet.http.HttpServlet.service(HttpServlet.java:764)
	at org.apache.catalina.core.ApplicationFilterChain.internalDoFilter(ApplicationFilterChain.java:227)
	at org.apache.catalina.core.ApplicationFilterChain.doFilter(ApplicationFilterChain.java:162)
	at org.apache.tomcat.websocket.server.WsFilter.doFilter(WsFilter.java:53)
	at org.apache.catalina.core.ApplicationFilterChain.internalDoFilter(ApplicationFilterChain.java:189)
	at org.apache.catalina.core.ApplicationFilterChain.doFilter(ApplicationFilterChain.java:162)
	at org.springframework.web.filter.CharacterEncodingFilter.doFilterInternal(CharacterEncodingFilter.java:201)
	at org.springframework.web.filter.OncePerRequestFilter.doFilter(OncePerRequestFilter.java:117)
	at org.apache.catalina.core.ApplicationFilterChain.internalDoFilter(ApplicationFilterChain.java:189)
	at org.apache.catalina.core.ApplicationFilterChain.doFilter(ApplicationFilterChain.java:162)
	at org.apache.catalina.core.StandardWrapperValve.invoke(StandardWrapperValve.java:197)
	at org.apache.catalina.core.StandardContextValve.invoke(StandardContextValve.java:97)
	at org.apache.catalina.authenticator.AuthenticatorBase.invoke(AuthenticatorBase.java:540)
	at org.apache.catalina.core.StandardHostValve.invoke(StandardHostValve.java:135)
	at org.apache.catalina.valves.ErrorReportValve.invoke(ErrorReportValve.java:92)
	at org.apache.catalina.core.StandardEngineValve.invoke(StandardEngineValve.java:78)
	at org.apache.catalina.connector.CoyoteAdapter.service(CoyoteAdapter.java:359)
	at org.apache.coyote.http11.Http11Processor.service(Http11Processor.java:399)
	at org.apache.coyote.AbstractProcessorLight.process(AbstractProcessorLight.java:65)
	at org.apache.coyote.AbstractProtocol$ConnectionHandler.process(AbstractProtocol.java:889)
	at org.apache.tomcat.util.net.NioEndpoint$SocketProcessor.doRun(NioEndpoint.java:1735)
	at org.apache.tomcat.util.net.SocketProcessorBase.run(SocketProcessorBase.java:49)
	at org.apache.tomcat.util.threads.ThreadPoolExecutor.runWorker(ThreadPoolExecutor.java:1191)
	at org.apache.tomcat.util.threads.ThreadPoolExecutor$Worker.run(ThreadPoolExecutor.java:659)
	at org.apache.tomcat.util.threads.TaskThread$WrappingRunnable.run(TaskThread.java:61)
	at java.base/java.lang.Thread.run(Thread.java:834)
Caused by: org.apache.http.conn.ConnectTimeoutException: Connect to 192.168.2.72:7087 [/192.168.2.72] failed: connect timed out
	at org.apache.http.impl.conn.DefaultHttpClientConnectionOperator.connect(DefaultHttpClientConnectionOperator.java:151)
	at org.apache.http.impl.conn.PoolingHttpClientConnectionManager.connect(PoolingHttpClientConnectionManager.java:373)
	at org.apache.http.impl.execchain.MainClientExec.establishRoute(MainClientExec.java:394)
	at org.apache.http.impl.execchain.MainClientExec.execute(MainClientExec.java:237)
	at org.apache.http.impl.execchain.ProtocolExec.execute(ProtocolExec.java:185)
	at org.apache.http.impl.execchain.RetryExec.execute(RetryExec.java:89)
	at org.apache.http.impl.execchain.RedirectExec.execute(RedirectExec.java:110)
	at org.apache.http.impl.client.InternalHttpClient.doExecute(InternalHttpClient.java:185)
	at org.apache.http.impl.client.CloseableHttpClient.execute(CloseableHttpClient.java:83)
	at org.apache.http.impl.client.CloseableHttpClient.execute(CloseableHttpClient.java:56)
	at org.springframework.http.client.HttpComponentsClientHttpRequest.executeInternal(HttpComponentsClientHttpRequest.java:87)
	at org.springframework.http.client.AbstractBufferingClientHttpRequest.executeInternal(AbstractBufferingClientHttpRequest.java:48)
	at org.springframework.http.client.AbstractClientHttpRequest.execute(AbstractClientHttpRequest.java:66)
	at org.springframework.web.client.RestTemplate.doExecute(RestTemplate.java:776)
	... 47 common frames omitted
Caused by: java.net.SocketTimeoutException: connect timed out
	at java.base/java.net.PlainSocketImpl.waitForConnect(Native Method)
	at java.base/java.net.PlainSocketImpl.socketConnect(PlainSocketImpl.java:107)
	at java.base/java.net.AbstractPlainSocketImpl.doConnect(AbstractPlainSocketImpl.java:399)
	at java.base/java.net.AbstractPlainSocketImpl.connectToAddress(AbstractPlainSocketImpl.java:242)
	at java.base/java.net.AbstractPlainSocketImpl.connect(AbstractPlainSocketImpl.java:224)
	at java.base/java.net.SocksSocketImpl.connect(SocksSocketImpl.java:392)
	at java.base/java.net.Socket.connect(Socket.java:608)
	at org.apache.http.conn.ssl.SSLConnectionSocketFactory.connectSocket(SSLConnectionSocketFactory.java:339)
	at org.apache.http.impl.conn.DefaultHttpClientConnectionOperator.connect(DefaultHttpClientConnectionOperator.java:142)
	... 60 common frames omitted
2022-04-11 08:42:47 INFO  http-nio-9250-exec-3 c.w.a.a.m.RequestMessage [SCP:134] - 1013 134 0 4 1 100 "192.168.2.237.3001" "" 15000 0 0 0 0 ""
2022-04-11 08:42:47 INFO  http-nio-9250-exec-3 c.w.a.a.s.RestUtil   [sendSingleCmd]- {"scpId":"134","scpCommand":"1013 134 0 4 1 100 \"192.168.2.237.3001\" \"\" 15000 0 0 0 0 \"\"","streamId":"d20b4e09-0afa-4f1e-bc88-ed9a1172cb34"}
2022-04-11 08:42:47 INFO  http-nio-9250-exec-3 c.w.a.a.s.RestUtil   [Post]https://192.168.2.72:7087/SingleCmd - {"scpId":"134","scpCommand":"1013 134 0 4 1 100 \"192.168.2.237.3001\" \"\" 15000 0 0 0 0 \"\"","streamId":"d20b4e09-0afa-4f1e-bc88-ed9a1172cb34"}
2022-04-11 08:42:50 ERROR http-nio-9250-exec-3 c.w.a.a.a.ResultBeanExceptionHandler 其他异常
org.springframework.web.client.ResourceAccessException: I/O error on POST request for "https://192.168.2.72:7087/SingleCmd": Connect to 192.168.2.72:7087 [/192.168.2.72] failed: connect timed out; nested exception is org.apache.http.conn.ConnectTimeoutException: Connect to 192.168.2.72:7087 [/192.168.2.72] failed: connect timed out
	at org.springframework.web.client.RestTemplate.doExecute(RestTemplate.java:785)
	at org.springframework.web.client.RestTemplate.execute(RestTemplate.java:711)
	at org.springframework.web.client.RestTemplate.postForEntity(RestTemplate.java:468)
	at com.wim.aero.acs.service.RestUtil.post(RestUtil.java:136)
	at com.wim.aero.acs.service.RestUtil.sendSingleCmd(RestUtil.java:60)
	at com.wim.aero.acs.controller.ScpController.connectScp(ScpController.java:63)
	at java.base/jdk.internal.reflect.NativeMethodAccessorImpl.invoke0(Native Method)
	at java.base/jdk.internal.reflect.NativeMethodAccessorImpl.invoke(NativeMethodAccessorImpl.java:62)
	at java.base/jdk.internal.reflect.DelegatingMethodAccessorImpl.invoke(DelegatingMethodAccessorImpl.java:43)
	at java.base/java.lang.reflect.Method.invoke(Method.java:566)
	at org.springframework.web.method.support.InvocableHandlerMethod.doInvoke(InvocableHandlerMethod.java:205)
	at org.springframework.web.method.support.InvocableHandlerMethod.invokeForRequest(InvocableHandlerMethod.java:150)
	at org.springframework.web.servlet.mvc.method.annotation.ServletInvocableHandlerMethod.invokeAndHandle(ServletInvocableHandlerMethod.java:117)
	at org.springframework.web.servlet.mvc.method.annotation.RequestMappingHandlerAdapter.invokeHandlerMethod(RequestMappingHandlerAdapter.java:895)
	at org.springframework.web.servlet.mvc.method.annotation.RequestMappingHandlerAdapter.handleInternal(RequestMappingHandlerAdapter.java:808)
	at org.springframework.web.servlet.mvc.method.AbstractHandlerMethodAdapter.handle(AbstractHandlerMethodAdapter.java:87)
	at org.springframework.web.servlet.DispatcherServlet.doDispatch(DispatcherServlet.java:1067)
	at org.springframework.web.servlet.DispatcherServlet.doService(DispatcherServlet.java:963)
	at org.springframework.web.servlet.FrameworkServlet.processRequest(FrameworkServlet.java:1006)
	at org.springframework.web.servlet.FrameworkServlet.doPost(FrameworkServlet.java:909)
	at javax.servlet.http.HttpServlet.service(HttpServlet.java:681)
	at org.springframework.web.servlet.FrameworkServlet.service(FrameworkServlet.java:883)
	at javax.servlet.http.HttpServlet.service(HttpServlet.java:764)
	at org.apache.catalina.core.ApplicationFilterChain.internalDoFilter(ApplicationFilterChain.java:227)
	at org.apache.catalina.core.ApplicationFilterChain.doFilter(ApplicationFilterChain.java:162)
	at org.apache.tomcat.websocket.server.WsFilter.doFilter(WsFilter.java:53)
	at org.apache.catalina.core.ApplicationFilterChain.internalDoFilter(ApplicationFilterChain.java:189)
	at org.apache.catalina.core.ApplicationFilterChain.doFilter(ApplicationFilterChain.java:162)
	at org.springframework.web.filter.CharacterEncodingFilter.doFilterInternal(CharacterEncodingFilter.java:201)
	at org.springframework.web.filter.OncePerRequestFilter.doFilter(OncePerRequestFilter.java:117)
	at org.apache.catalina.core.ApplicationFilterChain.internalDoFilter(ApplicationFilterChain.java:189)
	at org.apache.catalina.core.ApplicationFilterChain.doFilter(ApplicationFilterChain.java:162)
	at org.apache.catalina.core.StandardWrapperValve.invoke(StandardWrapperValve.java:197)
	at org.apache.catalina.core.StandardContextValve.invoke(StandardContextValve.java:97)
	at org.apache.catalina.authenticator.AuthenticatorBase.invoke(AuthenticatorBase.java:540)
	at org.apache.catalina.core.StandardHostValve.invoke(StandardHostValve.java:135)
	at org.apache.catalina.valves.ErrorReportValve.invoke(ErrorReportValve.java:92)
	at org.apache.catalina.core.StandardEngineValve.invoke(StandardEngineValve.java:78)
	at org.apache.catalina.connector.CoyoteAdapter.service(CoyoteAdapter.java:359)
	at org.apache.coyote.http11.Http11Processor.service(Http11Processor.java:399)
	at org.apache.coyote.AbstractProcessorLight.process(AbstractProcessorLight.java:65)
	at org.apache.coyote.AbstractProtocol$ConnectionHandler.process(AbstractProtocol.java:889)
	at org.apache.tomcat.util.net.NioEndpoint$SocketProcessor.doRun(NioEndpoint.java:1735)
	at org.apache.tomcat.util.net.SocketProcessorBase.run(SocketProcessorBase.java:49)
	at org.apache.tomcat.util.threads.ThreadPoolExecutor.runWorker(ThreadPoolExecutor.java:1191)
	at org.apache.tomcat.util.threads.ThreadPoolExecutor$Worker.run(ThreadPoolExecutor.java:659)
	at org.apache.tomcat.util.threads.TaskThread$WrappingRunnable.run(TaskThread.java:61)
	at java.base/java.lang.Thread.run(Thread.java:834)
Caused by: org.apache.http.conn.ConnectTimeoutException: Connect to 192.168.2.72:7087 [/192.168.2.72] failed: connect timed out
	at org.apache.http.impl.conn.DefaultHttpClientConnectionOperator.connect(DefaultHttpClientConnectionOperator.java:151)
	at org.apache.http.impl.conn.PoolingHttpClientConnectionManager.connect(PoolingHttpClientConnectionManager.java:373)
	at org.apache.http.impl.execchain.MainClientExec.establishRoute(MainClientExec.java:394)
	at org.apache.http.impl.execchain.MainClientExec.execute(MainClientExec.java:237)
	at org.apache.http.impl.execchain.ProtocolExec.execute(ProtocolExec.java:185)
	at org.apache.http.impl.execchain.RetryExec.execute(RetryExec.java:89)
	at org.apache.http.impl.execchain.RedirectExec.execute(RedirectExec.java:110)
	at org.apache.http.impl.client.InternalHttpClient.doExecute(InternalHttpClient.java:185)
	at org.apache.http.impl.client.CloseableHttpClient.execute(CloseableHttpClient.java:83)
	at org.apache.http.impl.client.CloseableHttpClient.execute(CloseableHttpClient.java:56)
	at org.springframework.http.client.HttpComponentsClientHttpRequest.executeInternal(HttpComponentsClientHttpRequest.java:87)
	at org.springframework.http.client.AbstractBufferingClientHttpRequest.executeInternal(AbstractBufferingClientHttpRequest.java:48)
	at org.springframework.http.client.AbstractClientHttpRequest.execute(AbstractClientHttpRequest.java:66)
	at org.springframework.web.client.RestTemplate.doExecute(RestTemplate.java:776)
	... 47 common frames omitted
Caused by: java.net.SocketTimeoutException: connect timed out
	at java.base/java.net.PlainSocketImpl.waitForConnect(Native Method)
	at java.base/java.net.PlainSocketImpl.socketConnect(PlainSocketImpl.java:107)
	at java.base/java.net.AbstractPlainSocketImpl.doConnect(AbstractPlainSocketImpl.java:399)
	at java.base/java.net.AbstractPlainSocketImpl.connectToAddress(AbstractPlainSocketImpl.java:242)
	at java.base/java.net.AbstractPlainSocketImpl.connect(AbstractPlainSocketImpl.java:224)
	at java.base/java.net.SocksSocketImpl.connect(SocksSocketImpl.java:392)
	at java.base/java.net.Socket.connect(Socket.java:608)
	at org.apache.http.conn.ssl.SSLConnectionSocketFactory.connectSocket(SSLConnectionSocketFactory.java:339)
	at org.apache.http.impl.conn.DefaultHttpClientConnectionOperator.connect(DefaultHttpClientConnectionOperator.java:142)
	... 60 common frames omitted
2022-04-11 08:46:37 INFO  main c.w.a.a.AcsserviceApplication Starting AcsserviceApplication using Java 11.0.10 on DESKTOP-SPKKHPB with PID 13824 (D:\08_aero\00_code\ACSService\target\classes started by ansen in D:\08_aero\00_code\ACSService)
2022-04-11 08:46:37 INFO  main c.w.a.a.AcsserviceApplication The following 1 profile is active: "dev"
2022-04-11 08:46:40 INFO  main o.s.b.w.e.t.TomcatWebServer Tomcat initialized with port(s): 9250 (http)
2022-04-11 08:46:40 INFO  main o.a.c.h.Http11NioProtocol Initializing ProtocolHandler ["http-nio-9250"]
2022-04-11 08:46:40 INFO  main o.a.c.c.StandardService Starting service [Tomcat]
2022-04-11 08:46:40 INFO  main o.a.c.c.StandardEngine Starting Servlet engine: [Apache Tomcat/9.0.58]
2022-04-11 08:46:40 INFO  main o.a.c.c.C.[.[.[/]    Initializing Spring embedded WebApplicationContext
2022-04-11 08:46:40 INFO  main o.s.b.w.s.c.ServletWebServerApplicationContext Root WebApplicationContext: initialization completed in 2263 ms
2022-04-11 08:46:40 INFO  main c.a.d.s.b.a.DruidDataSourceAutoConfigure Init DruidDataSource
2022-04-11 08:46:40 INFO  main c.a.d.p.DruidDataSource {dataSource-1} inited
2022-04-11 08:46:40 WARN  main c.b.m.c.m.TableInfoHelper Can not find table primary key in Class: "com.wim.aero.acs.db.entity.Apb".
2022-04-11 08:46:40 WARN  main c.b.m.c.i.DefaultSqlInjector class com.wim.aero.acs.db.entity.Apb ,Not found @TableId annotation, Cannot use Mybatis-Plus 'xxById' Method.
2022-04-11 08:46:40 WARN  main c.b.m.c.m.TableInfoHelper Can not find table primary key in Class: "com.wim.aero.acs.db.entity.CCardInfo".
2022-04-11 08:46:40 WARN  main c.b.m.c.i.DefaultSqlInjector class com.wim.aero.acs.db.entity.CCardInfo ,Not found @TableId annotation, Cannot use Mybatis-Plus 'xxById' Method.
2022-04-11 08:46:40 WARN  main c.b.m.c.m.TableInfoHelper Can not find table primary key in Class: "com.wim.aero.acs.db.entity.CardFormat".
2022-04-11 08:46:40 WARN  main c.b.m.c.i.DefaultSqlInjector class com.wim.aero.acs.db.entity.CardFormat ,Not found @TableId annotation, Cannot use Mybatis-Plus 'xxById' Method.
2022-04-11 08:46:40 WARN  main c.b.m.c.m.TableInfoHelper Can not find table primary key in Class: "com.wim.aero.acs.db.entity.DAccessLevelDoor".
2022-04-11 08:46:40 WARN  main c.b.m.c.i.DefaultSqlInjector class com.wim.aero.acs.db.entity.DAccessLevelDoor ,Not found @TableId annotation, Cannot use Mybatis-Plus 'xxById' Method.
2022-04-11 08:46:40 WARN  main c.b.m.c.m.TableInfoHelper Can not find table primary key in Class: "com.wim.aero.acs.db.entity.DAccessLevel".
2022-04-11 08:46:40 WARN  main c.b.m.c.i.DefaultSqlInjector class com.wim.aero.acs.db.entity.DAccessLevel ,Not found @TableId annotation, Cannot use Mybatis-Plus 'xxById' Method.
2022-04-11 08:46:41 WARN  main c.b.m.c.m.TableInfoHelper Can not find table primary key in Class: "com.wim.aero.acs.db.entity.DHoliday".
2022-04-11 08:46:41 WARN  main c.b.m.c.i.DefaultSqlInjector class com.wim.aero.acs.db.entity.DHoliday ,Not found @TableId annotation, Cannot use Mybatis-Plus 'xxById' Method.
2022-04-11 08:46:41 WARN  main c.b.m.c.m.TableInfoHelper Can not find table primary key in Class: "com.wim.aero.acs.db.entity.DSchedulesGroupDetail".
2022-04-11 08:46:41 WARN  main c.b.m.c.i.DefaultSqlInjector class com.wim.aero.acs.db.entity.DSchedulesGroupDetail ,Not found @TableId annotation, Cannot use Mybatis-Plus 'xxById' Method.
2022-04-11 08:46:41 WARN  main c.b.m.c.m.TableInfoHelper Can not find table primary key in Class: "com.wim.aero.acs.db.entity.DSchedulesGroup".
2022-04-11 08:46:41 WARN  main c.b.m.c.i.DefaultSqlInjector class com.wim.aero.acs.db.entity.DSchedulesGroup ,Not found @TableId annotation, Cannot use Mybatis-Plus 'xxById' Method.
2022-04-11 08:46:41 WARN  main c.b.m.c.m.TableInfoHelper Can not find table primary key in Class: "com.wim.aero.acs.db.entity.DSchedules".
2022-04-11 08:46:41 WARN  main c.b.m.c.i.DefaultSqlInjector class com.wim.aero.acs.db.entity.DSchedules ,Not found @TableId annotation, Cannot use Mybatis-Plus 'xxById' Method.
2022-04-11 08:46:41 WARN  main c.b.m.c.m.TableInfoHelper Can not find table primary key in Class: "com.wim.aero.acs.db.entity.DefenceInput".
2022-04-11 08:46:41 WARN  main c.b.m.c.i.DefaultSqlInjector class com.wim.aero.acs.db.entity.DefenceInput ,Not found @TableId annotation, Cannot use Mybatis-Plus 'xxById' Method.
2022-04-11 08:46:41 WARN  main c.b.m.c.m.TableInfoHelper Can not find table primary key in Class: "com.wim.aero.acs.db.entity.DevControllerCommonAttribute".
2022-04-11 08:46:41 WARN  main c.b.m.c.i.DefaultSqlInjector class com.wim.aero.acs.db.entity.DevControllerCommonAttribute ,Not found @TableId annotation, Cannot use Mybatis-Plus 'xxById' Method.
2022-04-11 08:46:41 WARN  main c.b.m.c.m.TableInfoHelper Can not find table primary key in Class: "com.wim.aero.acs.db.entity.EleLevelReader".
2022-04-11 08:46:41 WARN  main c.b.m.c.i.DefaultSqlInjector class com.wim.aero.acs.db.entity.EleLevelReader ,Not found @TableId annotation, Cannot use Mybatis-Plus 'xxById' Method.
2022-04-11 08:46:43 INFO  main c.w.a.a.c.Swagger3Config Swagger3接口文档地址: http://192.168.2.147:9250/swagger-ui.html
2022-04-11 08:46:43 INFO  main c.w.a.a.c.Swagger3Config Knife4j增强接口文档地址: http://192.168.2.147:9250/doc.html
2022-04-11 08:46:43 INFO  main o.a.c.h.Http11NioProtocol Starting ProtocolHandler ["http-nio-9250"]
2022-04-11 08:46:43 INFO  main o.s.b.w.e.t.TomcatWebServer Tomcat started on port(s): 9250 (http) with context path ''
2022-04-11 08:46:44 INFO  main c.w.a.a.AcsserviceApplication Started AcsserviceApplication in 7.473 seconds (JVM running for 9.989)
2022-04-11 08:48:33 INFO  http-nio-9250-exec-1 o.a.c.c.C.[.[.[/]    Initializing Spring DispatcherServlet 'dispatcherServlet'
2022-04-11 08:48:33 INFO  http-nio-9250-exec-1 o.s.w.s.DispatcherServlet Initializing Servlet 'dispatcherServlet'
2022-04-11 08:48:33 INFO  http-nio-9250-exec-1 o.s.w.s.DispatcherServlet Completed initialization in 2 ms
2022-04-11 08:48:34 INFO  http-nio-9250-exec-1 c.w.a.a.m.RequestMessage [SCP:134] - 1013 134 0 4 1 100 "192.168.2.237.3001" "" 15000 0 0 0 0 ""
2022-04-11 08:48:34 INFO  http-nio-9250-exec-1 c.w.a.a.s.RestUtil   [sendSingleCmd]- {"scpId":"134","scpCommand":"1013 134 0 4 1 100 \"192.168.2.237.3001\" \"\" 15000 0 0 0 0 \"\"","streamId":"8ffd0426-7771-41a3-a66b-baa164a2f878"}
2022-04-11 08:48:34 INFO  http-nio-9250-exec-1 c.w.a.a.s.RestUtil   [Post]http://192.168.2.72:7087/SingleCmd - {"scpId":"134","scpCommand":"1013 134 0 4 1 100 \"192.168.2.237.3001\" \"\" 15000 0 0 0 0 \"\"","streamId":"8ffd0426-7771-41a3-a66b-baa164a2f878"}
2022-04-11 08:48:37 ERROR http-nio-9250-exec-1 c.w.a.a.a.ResultBeanExceptionHandler 其他异常
org.springframework.web.client.ResourceAccessException: I/O error on POST request for "http://192.168.2.72:7087/SingleCmd": Connect to 192.168.2.72:7087 [/192.168.2.72] failed: connect timed out; nested exception is org.apache.http.conn.ConnectTimeoutException: Connect to 192.168.2.72:7087 [/192.168.2.72] failed: connect timed out
	at org.springframework.web.client.RestTemplate.doExecute(RestTemplate.java:785)
	at org.springframework.web.client.RestTemplate.execute(RestTemplate.java:711)
	at org.springframework.web.client.RestTemplate.postForEntity(RestTemplate.java:468)
	at com.wim.aero.acs.service.RestUtil.post(RestUtil.java:136)
	at com.wim.aero.acs.service.RestUtil.sendSingleCmd(RestUtil.java:60)
	at com.wim.aero.acs.controller.ScpController.connectScp(ScpController.java:63)
	at java.base/jdk.internal.reflect.NativeMethodAccessorImpl.invoke0(Native Method)
	at java.base/jdk.internal.reflect.NativeMethodAccessorImpl.invoke(NativeMethodAccessorImpl.java:62)
	at java.base/jdk.internal.reflect.DelegatingMethodAccessorImpl.invoke(DelegatingMethodAccessorImpl.java:43)
	at java.base/java.lang.reflect.Method.invoke(Method.java:566)
	at org.springframework.web.method.support.InvocableHandlerMethod.doInvoke(InvocableHandlerMethod.java:205)
	at org.springframework.web.method.support.InvocableHandlerMethod.invokeForRequest(InvocableHandlerMethod.java:150)
	at org.springframework.web.servlet.mvc.method.annotation.ServletInvocableHandlerMethod.invokeAndHandle(ServletInvocableHandlerMethod.java:117)
	at org.springframework.web.servlet.mvc.method.annotation.RequestMappingHandlerAdapter.invokeHandlerMethod(RequestMappingHandlerAdapter.java:895)
	at org.springframework.web.servlet.mvc.method.annotation.RequestMappingHandlerAdapter.handleInternal(RequestMappingHandlerAdapter.java:808)
	at org.springframework.web.servlet.mvc.method.AbstractHandlerMethodAdapter.handle(AbstractHandlerMethodAdapter.java:87)
	at org.springframework.web.servlet.DispatcherServlet.doDispatch(DispatcherServlet.java:1067)
	at org.springframework.web.servlet.DispatcherServlet.doService(DispatcherServlet.java:963)
	at org.springframework.web.servlet.FrameworkServlet.processRequest(FrameworkServlet.java:1006)
	at org.springframework.web.servlet.FrameworkServlet.doPost(FrameworkServlet.java:909)
	at javax.servlet.http.HttpServlet.service(HttpServlet.java:681)
	at org.springframework.web.servlet.FrameworkServlet.service(FrameworkServlet.java:883)
	at javax.servlet.http.HttpServlet.service(HttpServlet.java:764)
	at org.apache.catalina.core.ApplicationFilterChain.internalDoFilter(ApplicationFilterChain.java:227)
	at org.apache.catalina.core.ApplicationFilterChain.doFilter(ApplicationFilterChain.java:162)
	at org.apache.tomcat.websocket.server.WsFilter.doFilter(WsFilter.java:53)
	at org.apache.catalina.core.ApplicationFilterChain.internalDoFilter(ApplicationFilterChain.java:189)
	at org.apache.catalina.core.ApplicationFilterChain.doFilter(ApplicationFilterChain.java:162)
	at org.springframework.web.filter.CharacterEncodingFilter.doFilterInternal(CharacterEncodingFilter.java:201)
	at org.springframework.web.filter.OncePerRequestFilter.doFilter(OncePerRequestFilter.java:117)
	at org.apache.catalina.core.ApplicationFilterChain.internalDoFilter(ApplicationFilterChain.java:189)
	at org.apache.catalina.core.ApplicationFilterChain.doFilter(ApplicationFilterChain.java:162)
	at org.apache.catalina.core.StandardWrapperValve.invoke(StandardWrapperValve.java:197)
	at org.apache.catalina.core.StandardContextValve.invoke(StandardContextValve.java:97)
	at org.apache.catalina.authenticator.AuthenticatorBase.invoke(AuthenticatorBase.java:540)
	at org.apache.catalina.core.StandardHostValve.invoke(StandardHostValve.java:135)
	at org.apache.catalina.valves.ErrorReportValve.invoke(ErrorReportValve.java:92)
	at org.apache.catalina.core.StandardEngineValve.invoke(StandardEngineValve.java:78)
	at org.apache.catalina.connector.CoyoteAdapter.service(CoyoteAdapter.java:359)
	at org.apache.coyote.http11.Http11Processor.service(Http11Processor.java:399)
	at org.apache.coyote.AbstractProcessorLight.process(AbstractProcessorLight.java:65)
	at org.apache.coyote.AbstractProtocol$ConnectionHandler.process(AbstractProtocol.java:889)
	at org.apache.tomcat.util.net.NioEndpoint$SocketProcessor.doRun(NioEndpoint.java:1735)
	at org.apache.tomcat.util.net.SocketProcessorBase.run(SocketProcessorBase.java:49)
	at org.apache.tomcat.util.threads.ThreadPoolExecutor.runWorker(ThreadPoolExecutor.java:1191)
	at org.apache.tomcat.util.threads.ThreadPoolExecutor$Worker.run(ThreadPoolExecutor.java:659)
	at org.apache.tomcat.util.threads.TaskThread$WrappingRunnable.run(TaskThread.java:61)
	at java.base/java.lang.Thread.run(Thread.java:834)
Caused by: org.apache.http.conn.ConnectTimeoutException: Connect to 192.168.2.72:7087 [/192.168.2.72] failed: connect timed out
	at org.apache.http.impl.conn.DefaultHttpClientConnectionOperator.connect(DefaultHttpClientConnectionOperator.java:151)
	at org.apache.http.impl.conn.PoolingHttpClientConnectionManager.connect(PoolingHttpClientConnectionManager.java:373)
	at org.apache.http.impl.execchain.MainClientExec.establishRoute(MainClientExec.java:394)
	at org.apache.http.impl.execchain.MainClientExec.execute(MainClientExec.java:237)
	at org.apache.http.impl.execchain.ProtocolExec.execute(ProtocolExec.java:185)
	at org.apache.http.impl.execchain.RetryExec.execute(RetryExec.java:89)
	at org.apache.http.impl.execchain.RedirectExec.execute(RedirectExec.java:110)
	at org.apache.http.impl.client.InternalHttpClient.doExecute(InternalHttpClient.java:185)
	at org.apache.http.impl.client.CloseableHttpClient.execute(CloseableHttpClient.java:83)
	at org.apache.http.impl.client.CloseableHttpClient.execute(CloseableHttpClient.java:56)
	at org.springframework.http.client.HttpComponentsClientHttpRequest.executeInternal(HttpComponentsClientHttpRequest.java:87)
	at org.springframework.http.client.AbstractBufferingClientHttpRequest.executeInternal(AbstractBufferingClientHttpRequest.java:48)
	at org.springframework.http.client.AbstractClientHttpRequest.execute(AbstractClientHttpRequest.java:66)
	at org.springframework.web.client.RestTemplate.doExecute(RestTemplate.java:776)
	... 47 common frames omitted
Caused by: java.net.SocketTimeoutException: connect timed out
	at java.base/java.net.PlainSocketImpl.waitForConnect(Native Method)
	at java.base/java.net.PlainSocketImpl.socketConnect(PlainSocketImpl.java:107)
	at java.base/java.net.AbstractPlainSocketImpl.doConnect(AbstractPlainSocketImpl.java:399)
	at java.base/java.net.AbstractPlainSocketImpl.connectToAddress(AbstractPlainSocketImpl.java:242)
	at java.base/java.net.AbstractPlainSocketImpl.connect(AbstractPlainSocketImpl.java:224)
	at java.base/java.net.SocksSocketImpl.connect(SocksSocketImpl.java:392)
	at java.base/java.net.Socket.connect(Socket.java:608)
	at org.apache.http.conn.socket.PlainConnectionSocketFactory.connectSocket(PlainConnectionSocketFactory.java:75)
	at org.apache.http.impl.conn.DefaultHttpClientConnectionOperator.connect(DefaultHttpClientConnectionOperator.java:142)
	... 60 common frames omitted
2022-04-11 08:52:27 INFO  main c.w.a.a.AcsserviceApplication Starting AcsserviceApplication using Java 11.0.10 on DESKTOP-SPKKHPB with PID 14376 (D:\08_aero\00_code\ACSService\target\classes started by ansen in D:\08_aero\00_code\ACSService)
2022-04-11 08:52:27 INFO  main c.w.a.a.AcsserviceApplication The following 1 profile is active: "dev"
2022-04-11 08:52:28 INFO  main o.s.b.w.e.t.TomcatWebServer Tomcat initialized with port(s): 9250 (http)
2022-04-11 08:52:28 INFO  main o.a.c.h.Http11NioProtocol Initializing ProtocolHandler ["http-nio-9250"]
2022-04-11 08:52:28 INFO  main o.a.c.c.StandardService Starting service [Tomcat]
2022-04-11 08:52:28 INFO  main o.a.c.c.StandardEngine Starting Servlet engine: [Apache Tomcat/9.0.58]
2022-04-11 08:52:28 INFO  main o.a.c.c.C.[.[.[/]    Initializing Spring embedded WebApplicationContext
2022-04-11 08:52:28 INFO  main o.s.b.w.s.c.ServletWebServerApplicationContext Root WebApplicationContext: initialization completed in 1185 ms
2022-04-11 08:52:28 INFO  main c.a.d.s.b.a.DruidDataSourceAutoConfigure Init DruidDataSource
2022-04-11 08:52:28 INFO  main c.a.d.p.DruidDataSource {dataSource-1} inited
2022-04-11 08:52:28 WARN  main c.b.m.c.m.TableInfoHelper Can not find table primary key in Class: "com.wim.aero.acs.db.entity.Apb".
2022-04-11 08:52:28 WARN  main c.b.m.c.i.DefaultSqlInjector class com.wim.aero.acs.db.entity.Apb ,Not found @TableId annotation, Cannot use Mybatis-Plus 'xxById' Method.
2022-04-11 08:52:28 WARN  main c.b.m.c.m.TableInfoHelper Can not find table primary key in Class: "com.wim.aero.acs.db.entity.CCardInfo".
2022-04-11 08:52:28 WARN  main c.b.m.c.i.DefaultSqlInjector class com.wim.aero.acs.db.entity.CCardInfo ,Not found @TableId annotation, Cannot use Mybatis-Plus 'xxById' Method.
2022-04-11 08:52:28 WARN  main c.b.m.c.m.TableInfoHelper Can not find table primary key in Class: "com.wim.aero.acs.db.entity.CardFormat".
2022-04-11 08:52:28 WARN  main c.b.m.c.i.DefaultSqlInjector class com.wim.aero.acs.db.entity.CardFormat ,Not found @TableId annotation, Cannot use Mybatis-Plus 'xxById' Method.
2022-04-11 08:52:28 WARN  main c.b.m.c.m.TableInfoHelper Can not find table primary key in Class: "com.wim.aero.acs.db.entity.DAccessLevelDoor".
2022-04-11 08:52:28 WARN  main c.b.m.c.i.DefaultSqlInjector class com.wim.aero.acs.db.entity.DAccessLevelDoor ,Not found @TableId annotation, Cannot use Mybatis-Plus 'xxById' Method.
2022-04-11 08:52:28 WARN  main c.b.m.c.m.TableInfoHelper Can not find table primary key in Class: "com.wim.aero.acs.db.entity.DAccessLevel".
2022-04-11 08:52:28 WARN  main c.b.m.c.i.DefaultSqlInjector class com.wim.aero.acs.db.entity.DAccessLevel ,Not found @TableId annotation, Cannot use Mybatis-Plus 'xxById' Method.
2022-04-11 08:52:28 WARN  main c.b.m.c.m.TableInfoHelper Can not find table primary key in Class: "com.wim.aero.acs.db.entity.DHoliday".
2022-04-11 08:52:28 WARN  main c.b.m.c.i.DefaultSqlInjector class com.wim.aero.acs.db.entity.DHoliday ,Not found @TableId annotation, Cannot use Mybatis-Plus 'xxById' Method.
2022-04-11 08:52:28 WARN  main c.b.m.c.m.TableInfoHelper Can not find table primary key in Class: "com.wim.aero.acs.db.entity.DSchedulesGroupDetail".
2022-04-11 08:52:28 WARN  main c.b.m.c.i.DefaultSqlInjector class com.wim.aero.acs.db.entity.DSchedulesGroupDetail ,Not found @TableId annotation, Cannot use Mybatis-Plus 'xxById' Method.
2022-04-11 08:52:28 WARN  main c.b.m.c.m.TableInfoHelper Can not find table primary key in Class: "com.wim.aero.acs.db.entity.DSchedulesGroup".
2022-04-11 08:52:28 WARN  main c.b.m.c.i.DefaultSqlInjector class com.wim.aero.acs.db.entity.DSchedulesGroup ,Not found @TableId annotation, Cannot use Mybatis-Plus 'xxById' Method.
2022-04-11 08:52:28 WARN  main c.b.m.c.m.TableInfoHelper Can not find table primary key in Class: "com.wim.aero.acs.db.entity.DSchedules".
2022-04-11 08:52:28 WARN  main c.b.m.c.i.DefaultSqlInjector class com.wim.aero.acs.db.entity.DSchedules ,Not found @TableId annotation, Cannot use Mybatis-Plus 'xxById' Method.
2022-04-11 08:52:28 WARN  main c.b.m.c.m.TableInfoHelper Can not find table primary key in Class: "com.wim.aero.acs.db.entity.DefenceInput".
2022-04-11 08:52:28 WARN  main c.b.m.c.i.DefaultSqlInjector class com.wim.aero.acs.db.entity.DefenceInput ,Not found @TableId annotation, Cannot use Mybatis-Plus 'xxById' Method.
2022-04-11 08:52:28 WARN  main c.b.m.c.m.TableInfoHelper Can not find table primary key in Class: "com.wim.aero.acs.db.entity.DevControllerCommonAttribute".
2022-04-11 08:52:28 WARN  main c.b.m.c.i.DefaultSqlInjector class com.wim.aero.acs.db.entity.DevControllerCommonAttribute ,Not found @TableId annotation, Cannot use Mybatis-Plus 'xxById' Method.
2022-04-11 08:52:29 WARN  main c.b.m.c.m.TableInfoHelper Can not find table primary key in Class: "com.wim.aero.acs.db.entity.EleLevelReader".
2022-04-11 08:52:29 WARN  main c.b.m.c.i.DefaultSqlInjector class com.wim.aero.acs.db.entity.EleLevelReader ,Not found @TableId annotation, Cannot use Mybatis-Plus 'xxById' Method.
2022-04-11 08:52:30 INFO  main c.w.a.a.c.Swagger3Config Swagger3接口文档地址: http://192.168.2.147:9250/swagger-ui.html
2022-04-11 08:52:30 INFO  main c.w.a.a.c.Swagger3Config Knife4j增强接口文档地址: http://192.168.2.147:9250/doc.html
2022-04-11 08:52:30 INFO  main o.a.c.h.Http11NioProtocol Starting ProtocolHandler ["http-nio-9250"]
2022-04-11 08:52:30 INFO  main o.s.b.w.e.t.TomcatWebServer Tomcat started on port(s): 9250 (http) with context path ''
2022-04-11 08:52:31 INFO  main c.w.a.a.AcsserviceApplication Started AcsserviceApplication in 4.517 seconds (JVM running for 5.825)
2022-04-11 08:52:44 INFO  http-nio-9250-exec-1 o.a.c.c.C.[.[.[/]    Initializing Spring DispatcherServlet 'dispatcherServlet'
2022-04-11 08:52:44 INFO  http-nio-9250-exec-1 o.s.w.s.DispatcherServlet Initializing Servlet 'dispatcherServlet'
2022-04-11 08:52:44 INFO  http-nio-9250-exec-1 o.s.w.s.DispatcherServlet Completed initialization in 1 ms
2022-04-11 08:52:45 INFO  http-nio-9250-exec-1 c.w.a.a.m.RequestMessage [SCP:134] - 1013 134 0 4 1 100 "192.168.2.237.3001" "" 15000 0 0 0 0 ""
2022-04-11 08:52:45 INFO  http-nio-9250-exec-1 c.w.a.a.s.RestUtil   [sendSingleCmd]- {"scpId":"134","scpCommand":"1013 134 0 4 1 100 \"192.168.2.237.3001\" \"\" 15000 0 0 0 0 \"\"","streamId":"9826c7ba-278b-4522-8185-fd61a77173ce"}
2022-04-11 08:52:45 INFO  http-nio-9250-exec-1 c.w.a.a.s.RestUtil   [Post]http://192.168.2.234:5000/SingleCmd - {"scpId":"134","scpCommand":"1013 134 0 4 1 100 \"192.168.2.237.3001\" \"\" 15000 0 0 0 0 \"\"","streamId":"9826c7ba-278b-4522-8185-fd61a77173ce"}
2022-04-11 08:52:45 INFO  http-nio-9250-exec-1 c.w.a.a.s.RestUtil   ScpCmdResponse(streamId=0, date=Mon Apr 11 08:52:41 CST 2022, code=6, reason=SCP绑定Channel失败)
2022-04-11 09:26:20 INFO  main c.w.a.a.AcsserviceApplication Starting AcsserviceApplication using Java 11.0.10 on DESKTOP-SPKKHPB with PID 25348 (D:\08_aero\00_code\ACSService\target\classes started by ansen in D:\08_aero\00_code\ACSService)
2022-04-11 09:26:20 INFO  main c.w.a.a.AcsserviceApplication The following 1 profile is active: "dev"
2022-04-11 09:26:23 INFO  main o.s.b.w.e.t.TomcatWebServer Tomcat initialized with port(s): 9250 (http)
2022-04-11 09:26:23 INFO  main o.a.c.h.Http11NioProtocol Initializing ProtocolHandler ["http-nio-9250"]
2022-04-11 09:26:23 INFO  main o.a.c.c.StandardService Starting service [Tomcat]
2022-04-11 09:26:23 INFO  main o.a.c.c.StandardEngine Starting Servlet engine: [Apache Tomcat/9.0.58]
2022-04-11 09:26:23 INFO  main o.a.c.c.C.[.[.[/]    Initializing Spring embedded WebApplicationContext
2022-04-11 09:26:23 INFO  main o.s.b.w.s.c.ServletWebServerApplicationContext Root WebApplicationContext: initialization completed in 2431 ms
2022-04-11 09:26:23 INFO  main c.a.d.s.b.a.DruidDataSourceAutoConfigure Init DruidDataSource
2022-04-11 09:26:23 INFO  main c.a.d.p.DruidDataSource {dataSource-1} inited
2022-04-11 09:26:23 WARN  main c.b.m.c.m.TableInfoHelper Can not find table primary key in Class: "com.wim.aero.acs.db.entity.Apb".
2022-04-11 09:26:23 WARN  main c.b.m.c.i.DefaultSqlInjector class com.wim.aero.acs.db.entity.Apb ,Not found @TableId annotation, Cannot use Mybatis-Plus 'xxById' Method.
2022-04-11 09:26:23 WARN  main c.b.m.c.m.TableInfoHelper Can not find table primary key in Class: "com.wim.aero.acs.db.entity.CCardInfo".
2022-04-11 09:26:23 WARN  main c.b.m.c.i.DefaultSqlInjector class com.wim.aero.acs.db.entity.CCardInfo ,Not found @TableId annotation, Cannot use Mybatis-Plus 'xxById' Method.
2022-04-11 09:26:24 WARN  main c.b.m.c.m.TableInfoHelper Can not find table primary key in Class: "com.wim.aero.acs.db.entity.CardFormat".
2022-04-11 09:26:24 WARN  main c.b.m.c.i.DefaultSqlInjector class com.wim.aero.acs.db.entity.CardFormat ,Not found @TableId annotation, Cannot use Mybatis-Plus 'xxById' Method.
2022-04-11 09:26:24 WARN  main c.b.m.c.m.TableInfoHelper Can not find table primary key in Class: "com.wim.aero.acs.db.entity.DAccessLevelDoor".
2022-04-11 09:26:24 WARN  main c.b.m.c.i.DefaultSqlInjector class com.wim.aero.acs.db.entity.DAccessLevelDoor ,Not found @TableId annotation, Cannot use Mybatis-Plus 'xxById' Method.
2022-04-11 09:26:24 WARN  main c.b.m.c.m.TableInfoHelper Can not find table primary key in Class: "com.wim.aero.acs.db.entity.DAccessLevel".
2022-04-11 09:26:24 WARN  main c.b.m.c.i.DefaultSqlInjector class com.wim.aero.acs.db.entity.DAccessLevel ,Not found @TableId annotation, Cannot use Mybatis-Plus 'xxById' Method.
2022-04-11 09:26:24 WARN  main c.b.m.c.m.TableInfoHelper Can not find table primary key in Class: "com.wim.aero.acs.db.entity.DHoliday".
2022-04-11 09:26:24 WARN  main c.b.m.c.i.DefaultSqlInjector class com.wim.aero.acs.db.entity.DHoliday ,Not found @TableId annotation, Cannot use Mybatis-Plus 'xxById' Method.
2022-04-11 09:26:24 WARN  main c.b.m.c.m.TableInfoHelper Can not find table primary key in Class: "com.wim.aero.acs.db.entity.DSchedulesGroupDetail".
2022-04-11 09:26:24 WARN  main c.b.m.c.i.DefaultSqlInjector class com.wim.aero.acs.db.entity.DSchedulesGroupDetail ,Not found @TableId annotation, Cannot use Mybatis-Plus 'xxById' Method.
2022-04-11 09:26:24 WARN  main c.b.m.c.m.TableInfoHelper Can not find table primary key in Class: "com.wim.aero.acs.db.entity.DSchedulesGroup".
2022-04-11 09:26:24 WARN  main c.b.m.c.i.DefaultSqlInjector class com.wim.aero.acs.db.entity.DSchedulesGroup ,Not found @TableId annotation, Cannot use Mybatis-Plus 'xxById' Method.
2022-04-11 09:26:24 WARN  main c.b.m.c.m.TableInfoHelper Can not find table primary key in Class: "com.wim.aero.acs.db.entity.DSchedules".
2022-04-11 09:26:24 WARN  main c.b.m.c.i.DefaultSqlInjector class com.wim.aero.acs.db.entity.DSchedules ,Not found @TableId annotation, Cannot use Mybatis-Plus 'xxById' Method.
2022-04-11 09:26:24 WARN  main c.b.m.c.m.TableInfoHelper Can not find table primary key in Class: "com.wim.aero.acs.db.entity.DefenceInput".
2022-04-11 09:26:24 WARN  main c.b.m.c.i.DefaultSqlInjector class com.wim.aero.acs.db.entity.DefenceInput ,Not found @TableId annotation, Cannot use Mybatis-Plus 'xxById' Method.
2022-04-11 09:26:24 WARN  main c.b.m.c.m.TableInfoHelper Can not find table primary key in Class: "com.wim.aero.acs.db.entity.DevControllerCommonAttribute".
2022-04-11 09:26:24 WARN  main c.b.m.c.i.DefaultSqlInjector class com.wim.aero.acs.db.entity.DevControllerCommonAttribute ,Not found @TableId annotation, Cannot use Mybatis-Plus 'xxById' Method.
2022-04-11 09:26:24 WARN  main c.b.m.c.m.TableInfoHelper Can not find table primary key in Class: "com.wim.aero.acs.db.entity.EleLevelReader".
2022-04-11 09:26:24 WARN  main c.b.m.c.i.DefaultSqlInjector class com.wim.aero.acs.db.entity.EleLevelReader ,Not found @TableId annotation, Cannot use Mybatis-Plus 'xxById' Method.
2022-04-11 09:26:26 INFO  main c.w.a.a.c.Swagger3Config Swagger3接口文档地址: http://192.168.2.147:9250/swagger-ui.html
2022-04-11 09:26:26 INFO  main c.w.a.a.c.Swagger3Config Knife4j增强接口文档地址: http://192.168.2.147:9250/doc.html
2022-04-11 09:26:27 INFO  main o.a.c.h.Http11NioProtocol Starting ProtocolHandler ["http-nio-9250"]
2022-04-11 09:26:27 INFO  main o.s.b.w.e.t.TomcatWebServer Tomcat started on port(s): 9250 (http) with context path ''
2022-04-11 09:26:27 INFO  main c.w.a.a.AcsserviceApplication Started AcsserviceApplication in 7.751 seconds (JVM running for 9.939)
2022-04-11 09:26:28 INFO  http-nio-9250-exec-1 o.a.c.c.C.[.[.[/]    Initializing Spring DispatcherServlet 'dispatcherServlet'
2022-04-11 09:26:28 INFO  http-nio-9250-exec-1 o.s.w.s.DispatcherServlet Initializing Servlet 'dispatcherServlet'
2022-04-11 09:26:28 INFO  http-nio-9250-exec-1 o.s.w.s.DispatcherServlet Completed initialization in 1 ms
2022-04-11 09:26:29 INFO  http-nio-9250-exec-1 c.w.a.a.m.RequestMessage [SCP:129] - 1107 0 129 0 0 0 0 2 80000 32 615 388 64 32000 1024 1024 -28800 0 255 255 128 0 0 0 0 0 0
2022-04-11 09:26:29 INFO  http-nio-9250-exec-1 c.w.a.a.m.RequestMessage [SCP:129] - 1105 0 129 250000 32 1286 0 0 1 1 1 1 0 0 1 64 0 15 0 0 0 0 0 0 0 0 0 0 0 0 0 0 0 0 0 0 0 14 14 0 0 0
2022-04-11 09:26:29 INFO  http-nio-9250-exec-1 c.w.a.a.m.RequestMessage [SCP:129] - 501 0 129 256 64
2022-04-11 09:26:29 INFO  http-nio-9250-exec-1 c.w.a.a.m.RequestMessage [SCP:129] - 1102 0 129 1 11 0 32 0 1 0 0 0 0 0 0 32 0 0 0
2022-04-11 09:26:29 INFO  http-nio-9250-exec-1 c.w.a.a.m.RequestMessage [SCP:129] - 1102 0 129 2 113 12 32 0 1 1 1 1 1 1 0 0
2022-04-11 09:26:29 INFO  http-nio-9250-exec-1 c.w.a.a.m.RequestMessage [SCP:129] - 1102 0 129 0 12 2 2 0 2 2 2 2 2 2 0 0
2022-04-11 09:26:29 INFO  http-nio-9250-exec-1 c.w.a.a.m.RequestMessage [SCP:129] - 1102 0 129 0 23 0 0 0 1 32 0 0 0 0 0 0 0 0 0
2022-04-11 09:26:29 INFO  http-nio-9250-exec-1 c.w.a.a.m.RequestMessage [SCP:129] - 108 0 129 1 1 -1 0 0 0
2022-04-11 09:26:29 INFO  http-nio-9250-exec-1 c.w.a.a.m.RequestMessage [SCP:129] - 108 0 129 2 2 -1 0 0 0
2022-04-11 09:26:29 INFO  http-nio-9250-exec-1 c.w.a.a.m.RequestMessage [SCP:129] - 109 0 129 133 5 12 0 195 0 0 -1 1 0 0 0 0 3 0 -1 -1 -1 0 0 0
2022-04-11 09:26:29 INFO  http-nio-9250-exec-1 c.w.a.a.m.RequestMessage [SCP:129] - 110 0 129 129 0 0 4 5
2022-04-11 09:26:29 INFO  http-nio-9250-exec-1 c.w.a.a.m.RequestMessage [SCP:129] - 113 0 129 0 129 0 2 0 0 0
2022-04-11 09:26:29 INFO  http-nio-9250-exec-1 c.w.a.a.m.RequestMessage [SCP:129] - 110 0 129 129 0 0 4 5
2022-04-11 09:26:29 INFO  http-nio-9250-exec-1 c.w.a.a.m.RequestMessage [SCP:129] - 113 0 129 0 129 0 2 0 0 0
2022-04-11 09:26:29 INFO  http-nio-9250-exec-1 c.w.a.a.m.RequestMessage [SCP:129] - 110 0 129 129 0 0 4 5
2022-04-11 09:26:29 INFO  http-nio-9250-exec-1 c.w.a.a.m.RequestMessage [SCP:129] - 113 0 129 0 129 0 2 0 0 0
2022-04-11 09:26:29 INFO  http-nio-9250-exec-1 c.w.a.a.m.RequestMessage [SCP:129] - 110 0 129 129 0 0 4 5
2022-04-11 09:26:29 INFO  http-nio-9250-exec-1 c.w.a.a.m.RequestMessage [SCP:129] - 113 0 129 0 129 0 2 0 0 0
2022-04-11 09:26:29 INFO  http-nio-9250-exec-1 c.w.a.a.m.RequestMessage [SCP:129] - 110 0 129 129 0 0 4 5
2022-04-11 09:26:29 INFO  http-nio-9250-exec-1 c.w.a.a.m.RequestMessage [SCP:129] - 113 0 129 0 129 0 2 0 0 0
2022-04-11 09:26:29 INFO  http-nio-9250-exec-1 c.w.a.a.m.RequestMessage [SCP:129] - 110 0 129 129 0 0 4 5
2022-04-11 09:26:29 INFO  http-nio-9250-exec-1 c.w.a.a.m.RequestMessage [SCP:129] - 113 0 129 0 129 0 2 0 0 0
2022-04-11 09:26:29 INFO  http-nio-9250-exec-1 c.w.a.a.m.RequestMessage [SCP:129] - 110 0 129 129 0 0 4 5
2022-04-11 09:26:29 INFO  http-nio-9250-exec-1 c.w.a.a.m.RequestMessage [SCP:129] - 113 0 129 0 129 0 2 0 0 0
2022-04-11 09:26:29 INFO  http-nio-9250-exec-1 c.w.a.a.m.RequestMessage [SCP:129] - 110 0 129 129 0 0 4 5
2022-04-11 09:26:29 INFO  http-nio-9250-exec-1 c.w.a.a.m.RequestMessage [SCP:129] - 113 0 129 0 129 0 2 0 0 0
2022-04-11 09:26:29 INFO  http-nio-9250-exec-1 c.w.a.a.m.RequestMessage [SCP:129] - 110 0 129 129 0 0 4 5
2022-04-11 09:26:29 INFO  http-nio-9250-exec-1 c.w.a.a.m.RequestMessage [SCP:129] - 113 0 129 0 129 0 2 0 0 0
2022-04-11 09:26:29 INFO  http-nio-9250-exec-1 c.w.a.a.m.RequestMessage [SCP:129] - 110 0 129 129 0 0 4 5
2022-04-11 09:26:29 INFO  http-nio-9250-exec-1 c.w.a.a.m.RequestMessage [SCP:129] - 113 0 129 0 129 0 2 0 0 0
2022-04-11 09:26:29 INFO  http-nio-9250-exec-1 c.w.a.a.m.RequestMessage [SCP:129] - 110 0 129 129 0 0 4 5
2022-04-11 09:26:29 INFO  http-nio-9250-exec-1 c.w.a.a.m.RequestMessage [SCP:129] - 113 0 129 0 129 0 2 0 0 0
2022-04-11 09:26:29 INFO  http-nio-9250-exec-1 c.w.a.a.m.RequestMessage [SCP:129] - 110 0 129 133 0 0 4 5
2022-04-11 09:26:29 INFO  http-nio-9250-exec-1 c.w.a.a.m.RequestMessage [SCP:129] - 113 0 129 0 133 0 2 0 0 0
2022-04-11 09:26:29 INFO  http-nio-9250-exec-1 c.w.a.a.m.RequestMessage [SCP:129] - 110 0 129 133 0 0 4 5
2022-04-11 09:26:29 INFO  http-nio-9250-exec-1 c.w.a.a.m.RequestMessage [SCP:129] - 113 0 129 0 133 0 2 0 0 0
2022-04-11 09:26:29 INFO  http-nio-9250-exec-1 c.w.a.a.m.RequestMessage [SCP:129] - 110 0 129 133 0 0 4 5
2022-04-11 09:26:29 INFO  http-nio-9250-exec-1 c.w.a.a.m.RequestMessage [SCP:129] - 113 0 129 0 133 0 2 0 0 0
2022-04-11 09:26:29 INFO  http-nio-9250-exec-1 c.w.a.a.m.RequestMessage [SCP:129] - 110 0 129 133 0 0 4 5
2022-04-11 09:26:29 INFO  http-nio-9250-exec-1 c.w.a.a.m.RequestMessage [SCP:129] - 113 0 129 0 133 0 2 0 0 0
2022-04-11 09:26:29 INFO  http-nio-9250-exec-1 c.w.a.a.m.RequestMessage [SCP:129] - 110 0 129 133 0 0 4 5
2022-04-11 09:26:29 INFO  http-nio-9250-exec-1 c.w.a.a.m.RequestMessage [SCP:129] - 113 0 129 0 133 0 2 0 0 0
2022-04-11 09:26:29 INFO  http-nio-9250-exec-1 c.w.a.a.m.RequestMessage [SCP:129] - 111 0 129 129 0 0
2022-04-11 09:26:29 INFO  http-nio-9250-exec-1 c.w.a.a.m.RequestMessage [SCP:129] - 114 0 129 0 129 0 0
2022-04-11 09:26:29 INFO  http-nio-9250-exec-1 c.w.a.a.m.RequestMessage [SCP:129] - 111 0 129 129 0 0
2022-04-11 09:26:29 INFO  http-nio-9250-exec-1 c.w.a.a.m.RequestMessage [SCP:129] - 114 0 129 0 129 0 0
2022-04-11 09:26:29 INFO  http-nio-9250-exec-1 c.w.a.a.m.RequestMessage [SCP:129] - 111 0 129 129 0 0
2022-04-11 09:26:29 INFO  http-nio-9250-exec-1 c.w.a.a.m.RequestMessage [SCP:129] - 114 0 129 0 129 0 0
2022-04-11 09:26:29 INFO  http-nio-9250-exec-1 c.w.a.a.m.RequestMessage [SCP:129] - 111 0 129 129 0 0
2022-04-11 09:26:29 INFO  http-nio-9250-exec-1 c.w.a.a.m.RequestMessage [SCP:129] - 114 0 129 0 129 0 0
2022-04-11 09:26:29 INFO  http-nio-9250-exec-1 c.w.a.a.m.RequestMessage [SCP:129] - 111 0 129 133 0 0
2022-04-11 09:26:29 INFO  http-nio-9250-exec-1 c.w.a.a.m.RequestMessage [SCP:129] - 114 0 129 0 133 0 0
2022-04-11 09:26:29 INFO  http-nio-9250-exec-1 c.w.a.a.m.RequestMessage [SCP:129] - 111 0 129 133 0 0
2022-04-11 09:26:29 INFO  http-nio-9250-exec-1 c.w.a.a.m.RequestMessage [SCP:129] - 114 0 129 0 133 0 0
2022-04-11 09:26:29 INFO  http-nio-9250-exec-1 c.w.a.a.m.RequestMessage [SCP:129] - 1104 0 129 -1 2022 4 1 5 0
2022-04-11 09:26:29 INFO  http-nio-9250-exec-1 c.w.a.a.m.RequestMessage [SCP:129] - 1104 0 129 -1 2022 3 1 6 1
2022-04-11 09:26:29 INFO  http-nio-9250-exec-1 c.w.a.a.m.RequestMessage [SCP:129] - 1104 0 129 -1 2022 2 17 2 0
2022-04-11 09:26:29 INFO  http-nio-9250-exec-1 c.w.a.a.m.RequestMessage [SCP:129] - 1104 0 129 -1 2022 3 21 11 1
2022-04-11 09:26:29 INFO  http-nio-9250-exec-1 c.w.a.a.m.RequestMessage [SCP:129] - 1104 0 129 -1 2022 5 3 3 1
2022-04-11 09:26:29 INFO  http-nio-9250-exec-1 c.w.a.a.m.RequestMessage [SCP:129] - 1104 0 129 -1 2022 3 3 3 0
2022-04-11 09:26:29 INFO  http-nio-9250-exec-1 c.w.a.a.m.RequestMessage [SCP:129] - 1104 0 129 -1 2022 3 21 1 0
