2022-03-25 11:15:00 INFO  main c.w.a.a.AcsserviceApplication Starting AcsserviceApplication using Java 11.0.10 on DESKTOP-SPKKHPB with PID 20820 (D:\08_aero\00_code\ACSService\target\classes started by ansen in D:\08_aero\00_code\ACSService)
2022-03-25 11:15:00 INFO  main c.w.a.a.AcsserviceApplication No active profile set, falling back to 1 default profile: "default"
2022-03-25 11:15:02 INFO  main o.s.b.w.e.t.TomcatWebServer Tomcat initialized with port(s): 9250 (http)
2022-03-25 11:15:02 INFO  main o.a.c.h.Http11NioProtocol Initializing ProtocolHandler ["http-nio-9250"]
2022-03-25 11:15:02 INFO  main o.a.c.c.StandardService Starting service [Tomcat]
2022-03-25 11:15:02 INFO  main o.a.c.c.StandardEngine Starting Servlet engine: [Apache Tomcat/9.0.58]
2022-03-25 11:15:02 INFO  main o.a.c.c.C.[.[.[/]    Initializing Spring embedded WebApplicationContext
2022-03-25 11:15:02 INFO  main o.s.b.w.s.c.ServletWebServerApplicationContext Root WebApplicationContext: initialization completed in 2203 ms
2022-03-25 11:15:02 INFO  main c.a.d.s.b.a.DruidDataSourceAutoConfigure Init DruidDataSource
2022-03-25 11:15:02 INFO  main c.a.d.p.DruidDataSource {dataSource-1} inited
2022-03-25 11:15:02 WARN  main c.b.m.c.m.TableInfoHelper Can not find table primary key in Class: "com.wim.aero.acs.db.entity.Apb".
2022-03-25 11:15:02 WARN  main c.b.m.c.i.DefaultSqlInjector class com.wim.aero.acs.db.entity.Apb ,Not found @TableId annotation, Cannot use Mybatis-Plus 'xxById' Method.
2022-03-25 11:15:03 WARN  main c.b.m.c.m.TableInfoHelper Can not find table primary key in Class: "com.wim.aero.acs.db.entity.CCardInfo".
2022-03-25 11:15:03 WARN  main c.b.m.c.i.DefaultSqlInjector class com.wim.aero.acs.db.entity.CCardInfo ,Not found @TableId annotation, Cannot use Mybatis-Plus 'xxById' Method.
2022-03-25 11:15:03 WARN  main c.b.m.c.m.TableInfoHelper Can not find table primary key in Class: "com.wim.aero.acs.db.entity.CardFormat".
2022-03-25 11:15:03 WARN  main c.b.m.c.i.DefaultSqlInjector class com.wim.aero.acs.db.entity.CardFormat ,Not found @TableId annotation, Cannot use Mybatis-Plus 'xxById' Method.
2022-03-25 11:15:03 WARN  main c.b.m.c.m.TableInfoHelper Can not find table primary key in Class: "com.wim.aero.acs.db.entity.DAccessLevelDoor".
2022-03-25 11:15:03 WARN  main c.b.m.c.i.DefaultSqlInjector class com.wim.aero.acs.db.entity.DAccessLevelDoor ,Not found @TableId annotation, Cannot use Mybatis-Plus 'xxById' Method.
2022-03-25 11:15:03 WARN  main c.b.m.c.m.TableInfoHelper Can not find table primary key in Class: "com.wim.aero.acs.db.entity.DAccessLevel".
2022-03-25 11:15:03 WARN  main c.b.m.c.i.DefaultSqlInjector class com.wim.aero.acs.db.entity.DAccessLevel ,Not found @TableId annotation, Cannot use Mybatis-Plus 'xxById' Method.
2022-03-25 11:15:03 WARN  main c.b.m.c.m.TableInfoHelper Can not find table primary key in Class: "com.wim.aero.acs.db.entity.DHoliday".
2022-03-25 11:15:03 WARN  main c.b.m.c.i.DefaultSqlInjector class com.wim.aero.acs.db.entity.DHoliday ,Not found @TableId annotation, Cannot use Mybatis-Plus 'xxById' Method.
2022-03-25 11:15:03 WARN  main c.b.m.c.m.TableInfoHelper Can not find table primary key in Class: "com.wim.aero.acs.db.entity.DSchedulesGroupDetail".
2022-03-25 11:15:03 WARN  main c.b.m.c.i.DefaultSqlInjector class com.wim.aero.acs.db.entity.DSchedulesGroupDetail ,Not found @TableId annotation, Cannot use Mybatis-Plus 'xxById' Method.
2022-03-25 11:15:03 WARN  main c.b.m.c.m.TableInfoHelper Can not find table primary key in Class: "com.wim.aero.acs.db.entity.DSchedulesGroup".
2022-03-25 11:15:03 WARN  main c.b.m.c.i.DefaultSqlInjector class com.wim.aero.acs.db.entity.DSchedulesGroup ,Not found @TableId annotation, Cannot use Mybatis-Plus 'xxById' Method.
2022-03-25 11:15:03 WARN  main c.b.m.c.m.TableInfoHelper Can not find table primary key in Class: "com.wim.aero.acs.db.entity.DSchedules".
2022-03-25 11:15:03 WARN  main c.b.m.c.i.DefaultSqlInjector class com.wim.aero.acs.db.entity.DSchedules ,Not found @TableId annotation, Cannot use Mybatis-Plus 'xxById' Method.
2022-03-25 11:15:03 WARN  main c.b.m.c.m.TableInfoHelper Can not find table primary key in Class: "com.wim.aero.acs.db.entity.DefenceInput".
2022-03-25 11:15:03 WARN  main c.b.m.c.i.DefaultSqlInjector class com.wim.aero.acs.db.entity.DefenceInput ,Not found @TableId annotation, Cannot use Mybatis-Plus 'xxById' Method.
2022-03-25 11:15:03 WARN  main c.b.m.c.m.TableInfoHelper Can not find table primary key in Class: "com.wim.aero.acs.db.entity.DevControllerCommonAttribute".
2022-03-25 11:15:03 WARN  main c.b.m.c.i.DefaultSqlInjector class com.wim.aero.acs.db.entity.DevControllerCommonAttribute ,Not found @TableId annotation, Cannot use Mybatis-Plus 'xxById' Method.
2022-03-25 11:15:03 WARN  main c.b.m.c.m.TableInfoHelper Can not find table primary key in Class: "com.wim.aero.acs.db.entity.EleLevelReader".
2022-03-25 11:15:03 WARN  main c.b.m.c.i.DefaultSqlInjector class com.wim.aero.acs.db.entity.EleLevelReader ,Not found @TableId annotation, Cannot use Mybatis-Plus 'xxById' Method.
2022-03-25 11:15:05 INFO  main s.d.s.w.PropertySourcedRequestMappingHandlerMapping Mapped URL path [/v2/api-docs] onto method [springfox.documentation.swagger2.web.Swagger2Controller#getDocumentation(String, HttpServletRequest)]
2022-03-25 11:15:05 INFO  main o.a.c.h.Http11NioProtocol Starting ProtocolHandler ["http-nio-9250"]
2022-03-25 11:15:05 INFO  main o.s.b.w.e.t.TomcatWebServer Tomcat started on port(s): 9250 (http) with context path ''
2022-03-25 11:15:05 INFO  main s.d.s.w.p.DocumentationPluginsBootstrapper Context refreshed
2022-03-25 11:15:05 INFO  main s.d.s.w.p.DocumentationPluginsBootstrapper Found 1 custom documentation plugin(s)
2022-03-25 11:15:05 WARN  main o.s.b.w.s.c.AnnotationConfigServletWebServerApplicationContext Exception encountered during context initialization - cancelling refresh attempt: org.springframework.context.ApplicationContextException: Failed to start bean 'documentationPluginsBootstrapper'; nested exception is java.lang.NullPointerException
2022-03-25 11:15:05 INFO  main c.a.d.p.DruidDataSource {dataSource-1} closing ...
2022-03-25 11:15:05 INFO  main c.a.d.p.DruidDataSource {dataSource-1} closed
2022-03-25 11:15:06 INFO  main o.a.c.h.Http11NioProtocol Pausing ProtocolHandler ["http-nio-9250"]
2022-03-25 11:15:06 INFO  main o.a.c.c.StandardService Stopping service [Tomcat]
2022-03-25 11:15:06 INFO  main o.a.c.h.Http11NioProtocol Stopping ProtocolHandler ["http-nio-9250"]
2022-03-25 11:15:06 INFO  main o.a.c.h.Http11NioProtocol Destroying ProtocolHandler ["http-nio-9250"]
2022-03-25 11:15:06 INFO  main o.s.b.a.l.ConditionEvaluationReportLoggingListener 

Error starting ApplicationContext. To display the conditions report re-run your application with 'debug' enabled.
2022-03-25 11:15:06 ERROR main o.s.b.SpringApplication Application run failed
org.springframework.context.ApplicationContextException: Failed to start bean 'documentationPluginsBootstrapper'; nested exception is java.lang.NullPointerException
	at org.springframework.context.support.DefaultLifecycleProcessor.doStart(DefaultLifecycleProcessor.java:181)
	at org.springframework.context.support.DefaultLifecycleProcessor.access$200(DefaultLifecycleProcessor.java:54)
	at org.springframework.context.support.DefaultLifecycleProcessor$LifecycleGroup.start(DefaultLifecycleProcessor.java:356)
	at java.base/java.lang.Iterable.forEach(Iterable.java:75)
	at org.springframework.context.support.DefaultLifecycleProcessor.startBeans(DefaultLifecycleProcessor.java:155)
	at org.springframework.context.support.DefaultLifecycleProcessor.onRefresh(DefaultLifecycleProcessor.java:123)
	at org.springframework.context.support.AbstractApplicationContext.finishRefresh(AbstractApplicationContext.java:935)
	at org.springframework.context.support.AbstractApplicationContext.refresh(AbstractApplicationContext.java:586)
	at org.springframework.boot.web.servlet.context.ServletWebServerApplicationContext.refresh(ServletWebServerApplicationContext.java:145)
	at org.springframework.boot.SpringApplication.refresh(SpringApplication.java:740)
	at org.springframework.boot.SpringApplication.refreshContext(SpringApplication.java:415)
	at org.springframework.boot.SpringApplication.run(SpringApplication.java:303)
	at org.springframework.boot.SpringApplication.run(SpringApplication.java:1312)
	at org.springframework.boot.SpringApplication.run(SpringApplication.java:1301)
	at com.wim.aero.acs.AcsserviceApplication.main(AcsserviceApplication.java:12)
Caused by: java.lang.NullPointerException: null
	at springfox.documentation.spi.service.contexts.Orderings$8.compare(Orderings.java:112)
	at springfox.documentation.spi.service.contexts.Orderings$8.compare(Orderings.java:109)
	at com.google.common.collect.ComparatorOrdering.compare(ComparatorOrdering.java:37)
	at java.base/java.util.TimSort.countRunAndMakeAscending(TimSort.java:355)
	at java.base/java.util.TimSort.sort(TimSort.java:220)
	at java.base/java.util.Arrays.sort(Arrays.java:1441)
	at com.google.common.collect.Ordering.sortedCopy(Ordering.java:855)
	at springfox.documentation.spring.web.plugins.WebMvcRequestHandlerProvider.requestHandlers(WebMvcRequestHandlerProvider.java:57)
	at springfox.documentation.spring.web.plugins.DocumentationPluginsBootstrapper$2.apply(DocumentationPluginsBootstrapper.java:138)
	at springfox.documentation.spring.web.plugins.DocumentationPluginsBootstrapper$2.apply(DocumentationPluginsBootstrapper.java:135)
	at com.google.common.collect.Iterators$7.transform(Iterators.java:750)
	at com.google.common.collect.TransformedIterator.next(TransformedIterator.java:47)
	at com.google.common.collect.TransformedIterator.next(TransformedIterator.java:47)
	at com.google.common.collect.MultitransformedIterator.hasNext(MultitransformedIterator.java:52)
	at com.google.common.collect.MultitransformedIterator.hasNext(MultitransformedIterator.java:50)
	at com.google.common.collect.ImmutableList.copyOf(ImmutableList.java:249)
	at com.google.common.collect.ImmutableList.copyOf(ImmutableList.java:209)
	at com.google.common.collect.FluentIterable.toList(FluentIterable.java:614)
	at springfox.documentation.spring.web.plugins.DocumentationPluginsBootstrapper.defaultContextBuilder(DocumentationPluginsBootstrapper.java:111)
	at springfox.documentation.spring.web.plugins.DocumentationPluginsBootstrapper.buildContext(DocumentationPluginsBootstrapper.java:96)
	at springfox.documentation.spring.web.plugins.DocumentationPluginsBootstrapper.start(DocumentationPluginsBootstrapper.java:167)
	at org.springframework.context.support.DefaultLifecycleProcessor.doStart(DefaultLifecycleProcessor.java:178)
	... 14 common frames omitted
2022-03-25 11:22:56 INFO  main c.w.a.a.AcsserviceApplication Starting AcsserviceApplication using Java 11.0.10 on DESKTOP-SPKKHPB with PID 24672 (D:\08_aero\00_code\ACSService\target\classes started by ansen in D:\08_aero\00_code\ACSService)
2022-03-25 11:22:56 INFO  main c.w.a.a.AcsserviceApplication No active profile set, falling back to 1 default profile: "default"
2022-03-25 11:22:59 INFO  main o.s.b.w.e.t.TomcatWebServer Tomcat initialized with port(s): 9250 (http)
2022-03-25 11:22:59 INFO  main o.a.c.h.Http11NioProtocol Initializing ProtocolHandler ["http-nio-9250"]
2022-03-25 11:22:59 INFO  main o.a.c.c.StandardService Starting service [Tomcat]
2022-03-25 11:22:59 INFO  main o.a.c.c.StandardEngine Starting Servlet engine: [Apache Tomcat/9.0.58]
2022-03-25 11:22:59 INFO  main o.a.c.c.C.[.[.[/]    Initializing Spring embedded WebApplicationContext
2022-03-25 11:22:59 INFO  main o.s.b.w.s.c.ServletWebServerApplicationContext Root WebApplicationContext: initialization completed in 3576 ms
2022-03-25 11:22:59 INFO  main c.a.d.s.b.a.DruidDataSourceAutoConfigure Init DruidDataSource
2022-03-25 11:23:00 INFO  main c.a.d.p.DruidDataSource {dataSource-1} inited
2022-03-25 11:23:00 WARN  main c.b.m.c.m.TableInfoHelper Can not find table primary key in Class: "com.wim.aero.acs.db.entity.Apb".
2022-03-25 11:23:00 WARN  main c.b.m.c.i.DefaultSqlInjector class com.wim.aero.acs.db.entity.Apb ,Not found @TableId annotation, Cannot use Mybatis-Plus 'xxById' Method.
2022-03-25 11:23:00 WARN  main c.b.m.c.m.TableInfoHelper Can not find table primary key in Class: "com.wim.aero.acs.db.entity.CCardInfo".
2022-03-25 11:23:00 WARN  main c.b.m.c.i.DefaultSqlInjector class com.wim.aero.acs.db.entity.CCardInfo ,Not found @TableId annotation, Cannot use Mybatis-Plus 'xxById' Method.
2022-03-25 11:23:00 WARN  main c.b.m.c.m.TableInfoHelper Can not find table primary key in Class: "com.wim.aero.acs.db.entity.CardFormat".
2022-03-25 11:23:00 WARN  main c.b.m.c.i.DefaultSqlInjector class com.wim.aero.acs.db.entity.CardFormat ,Not found @TableId annotation, Cannot use Mybatis-Plus 'xxById' Method.
2022-03-25 11:23:00 WARN  main c.b.m.c.m.TableInfoHelper Can not find table primary key in Class: "com.wim.aero.acs.db.entity.DAccessLevelDoor".
2022-03-25 11:23:00 WARN  main c.b.m.c.i.DefaultSqlInjector class com.wim.aero.acs.db.entity.DAccessLevelDoor ,Not found @TableId annotation, Cannot use Mybatis-Plus 'xxById' Method.
2022-03-25 11:23:00 WARN  main c.b.m.c.m.TableInfoHelper Can not find table primary key in Class: "com.wim.aero.acs.db.entity.DAccessLevel".
2022-03-25 11:23:00 WARN  main c.b.m.c.i.DefaultSqlInjector class com.wim.aero.acs.db.entity.DAccessLevel ,Not found @TableId annotation, Cannot use Mybatis-Plus 'xxById' Method.
2022-03-25 11:23:00 WARN  main c.b.m.c.m.TableInfoHelper Can not find table primary key in Class: "com.wim.aero.acs.db.entity.DHoliday".
2022-03-25 11:23:00 WARN  main c.b.m.c.i.DefaultSqlInjector class com.wim.aero.acs.db.entity.DHoliday ,Not found @TableId annotation, Cannot use Mybatis-Plus 'xxById' Method.
2022-03-25 11:23:00 WARN  main c.b.m.c.m.TableInfoHelper Can not find table primary key in Class: "com.wim.aero.acs.db.entity.DSchedulesGroupDetail".
2022-03-25 11:23:00 WARN  main c.b.m.c.i.DefaultSqlInjector class com.wim.aero.acs.db.entity.DSchedulesGroupDetail ,Not found @TableId annotation, Cannot use Mybatis-Plus 'xxById' Method.
2022-03-25 11:23:00 WARN  main c.b.m.c.m.TableInfoHelper Can not find table primary key in Class: "com.wim.aero.acs.db.entity.DSchedulesGroup".
2022-03-25 11:23:00 WARN  main c.b.m.c.i.DefaultSqlInjector class com.wim.aero.acs.db.entity.DSchedulesGroup ,Not found @TableId annotation, Cannot use Mybatis-Plus 'xxById' Method.
2022-03-25 11:23:00 WARN  main c.b.m.c.m.TableInfoHelper Can not find table primary key in Class: "com.wim.aero.acs.db.entity.DSchedules".
2022-03-25 11:23:00 WARN  main c.b.m.c.i.DefaultSqlInjector class com.wim.aero.acs.db.entity.DSchedules ,Not found @TableId annotation, Cannot use Mybatis-Plus 'xxById' Method.
2022-03-25 11:23:00 WARN  main c.b.m.c.m.TableInfoHelper Can not find table primary key in Class: "com.wim.aero.acs.db.entity.DefenceInput".
2022-03-25 11:23:00 WARN  main c.b.m.c.i.DefaultSqlInjector class com.wim.aero.acs.db.entity.DefenceInput ,Not found @TableId annotation, Cannot use Mybatis-Plus 'xxById' Method.
2022-03-25 11:23:00 WARN  main c.b.m.c.m.TableInfoHelper Can not find table primary key in Class: "com.wim.aero.acs.db.entity.DevControllerCommonAttribute".
2022-03-25 11:23:00 WARN  main c.b.m.c.i.DefaultSqlInjector class com.wim.aero.acs.db.entity.DevControllerCommonAttribute ,Not found @TableId annotation, Cannot use Mybatis-Plus 'xxById' Method.
2022-03-25 11:23:01 WARN  main c.b.m.c.m.TableInfoHelper Can not find table primary key in Class: "com.wim.aero.acs.db.entity.EleLevelReader".
2022-03-25 11:23:01 WARN  main c.b.m.c.i.DefaultSqlInjector class com.wim.aero.acs.db.entity.EleLevelReader ,Not found @TableId annotation, Cannot use Mybatis-Plus 'xxById' Method.
2022-03-25 11:23:02 INFO  main o.a.c.h.Http11NioProtocol Starting ProtocolHandler ["http-nio-9250"]
2022-03-25 11:23:02 INFO  main o.s.b.w.e.t.TomcatWebServer Tomcat started on port(s): 9250 (http) with context path ''
2022-03-25 11:23:02 WARN  main o.s.b.w.s.c.AnnotationConfigServletWebServerApplicationContext Exception encountered during context initialization - cancelling refresh attempt: org.springframework.context.ApplicationContextException: Failed to start bean 'documentationPluginsBootstrapper'; nested exception is java.lang.NullPointerException
2022-03-25 11:23:02 INFO  main c.a.d.p.DruidDataSource {dataSource-1} closing ...
2022-03-25 11:23:02 INFO  main c.a.d.p.DruidDataSource {dataSource-1} closed
2022-03-25 11:23:03 INFO  main o.a.c.h.Http11NioProtocol Pausing ProtocolHandler ["http-nio-9250"]
2022-03-25 11:23:03 INFO  main o.a.c.c.StandardService Stopping service [Tomcat]
2022-03-25 11:23:03 INFO  main o.a.c.h.Http11NioProtocol Stopping ProtocolHandler ["http-nio-9250"]
2022-03-25 11:23:03 INFO  main o.a.c.h.Http11NioProtocol Destroying ProtocolHandler ["http-nio-9250"]
2022-03-25 11:23:03 INFO  main o.s.b.a.l.ConditionEvaluationReportLoggingListener 

Error starting ApplicationContext. To display the conditions report re-run your application with 'debug' enabled.
2022-03-25 11:23:03 ERROR main o.s.b.SpringApplication Application run failed
org.springframework.context.ApplicationContextException: Failed to start bean 'documentationPluginsBootstrapper'; nested exception is java.lang.NullPointerException
	at org.springframework.context.support.DefaultLifecycleProcessor.doStart(DefaultLifecycleProcessor.java:181)
	at org.springframework.context.support.DefaultLifecycleProcessor.access$200(DefaultLifecycleProcessor.java:54)
	at org.springframework.context.support.DefaultLifecycleProcessor$LifecycleGroup.start(DefaultLifecycleProcessor.java:356)
	at java.base/java.lang.Iterable.forEach(Iterable.java:75)
	at org.springframework.context.support.DefaultLifecycleProcessor.startBeans(DefaultLifecycleProcessor.java:155)
	at org.springframework.context.support.DefaultLifecycleProcessor.onRefresh(DefaultLifecycleProcessor.java:123)
	at org.springframework.context.support.AbstractApplicationContext.finishRefresh(AbstractApplicationContext.java:935)
	at org.springframework.context.support.AbstractApplicationContext.refresh(AbstractApplicationContext.java:586)
	at org.springframework.boot.web.servlet.context.ServletWebServerApplicationContext.refresh(ServletWebServerApplicationContext.java:145)
	at org.springframework.boot.SpringApplication.refresh(SpringApplication.java:740)
	at org.springframework.boot.SpringApplication.refreshContext(SpringApplication.java:415)
	at org.springframework.boot.SpringApplication.run(SpringApplication.java:303)
	at org.springframework.boot.SpringApplication.run(SpringApplication.java:1312)
	at org.springframework.boot.SpringApplication.run(SpringApplication.java:1301)
	at com.wim.aero.acs.AcsserviceApplication.main(AcsserviceApplication.java:12)
Caused by: java.lang.NullPointerException: null
	at springfox.documentation.spring.web.WebMvcPatternsRequestConditionWrapper.getPatterns(WebMvcPatternsRequestConditionWrapper.java:56)
	at springfox.documentation.RequestHandler.sortedPaths(RequestHandler.java:113)
	at springfox.documentation.spi.service.contexts.Orderings.lambda$byPatternsCondition$3(Orderings.java:89)
	at java.base/java.util.Comparator.lambda$comparing$77a9974f$1(Comparator.java:469)
	at java.base/java.util.TimSort.countRunAndMakeAscending(TimSort.java:355)
	at java.base/java.util.TimSort.sort(TimSort.java:220)
	at java.base/java.util.Arrays.sort(Arrays.java:1515)
	at java.base/java.util.ArrayList.sort(ArrayList.java:1750)
	at java.base/java.util.stream.SortedOps$RefSortingSink.end(SortedOps.java:392)
	at java.base/java.util.stream.Sink$ChainedReference.end(Sink.java:258)
	at java.base/java.util.stream.Sink$ChainedReference.end(Sink.java:258)
	at java.base/java.util.stream.Sink$ChainedReference.end(Sink.java:258)
	at java.base/java.util.stream.Sink$ChainedReference.end(Sink.java:258)
	at java.base/java.util.stream.AbstractPipeline.copyInto(AbstractPipeline.java:485)
	at java.base/java.util.stream.AbstractPipeline.wrapAndCopyInto(AbstractPipeline.java:474)
	at java.base/java.util.stream.ReduceOps$ReduceOp.evaluateSequential(ReduceOps.java:913)
	at java.base/java.util.stream.AbstractPipeline.evaluate(AbstractPipeline.java:234)
	at java.base/java.util.stream.ReferencePipeline.collect(ReferencePipeline.java:578)
	at springfox.documentation.spring.web.plugins.WebMvcRequestHandlerProvider.requestHandlers(WebMvcRequestHandlerProvider.java:81)
	at java.base/java.util.stream.ReferencePipeline$3$1.accept(ReferencePipeline.java:195)
	at java.base/java.util.ArrayList$ArrayListSpliterator.forEachRemaining(ArrayList.java:1655)
	at java.base/java.util.stream.AbstractPipeline.copyInto(AbstractPipeline.java:484)
	at java.base/java.util.stream.AbstractPipeline.wrapAndCopyInto(AbstractPipeline.java:474)
	at java.base/java.util.stream.ReduceOps$ReduceOp.evaluateSequential(ReduceOps.java:913)
	at java.base/java.util.stream.AbstractPipeline.evaluate(AbstractPipeline.java:234)
	at java.base/java.util.stream.ReferencePipeline.collect(ReferencePipeline.java:578)
	at springfox.documentation.spring.web.plugins.AbstractDocumentationPluginsBootstrapper.withDefaults(AbstractDocumentationPluginsBootstrapper.java:107)
	at springfox.documentation.spring.web.plugins.AbstractDocumentationPluginsBootstrapper.buildContext(AbstractDocumentationPluginsBootstrapper.java:91)
	at springfox.documentation.spring.web.plugins.AbstractDocumentationPluginsBootstrapper.bootstrapDocumentationPlugins(AbstractDocumentationPluginsBootstrapper.java:82)
	at springfox.documentation.spring.web.plugins.DocumentationPluginsBootstrapper.start(DocumentationPluginsBootstrapper.java:100)
	at org.springframework.context.support.DefaultLifecycleProcessor.doStart(DefaultLifecycleProcessor.java:178)
	... 14 common frames omitted
2022-03-25 12:55:15 INFO  main c.w.a.a.AcsserviceApplication Starting AcsserviceApplication using Java 11.0.10 on DESKTOP-SPKKHPB with PID 32508 (D:\08_aero\00_code\ACSService\target\classes started by ansen in D:\08_aero\00_code\ACSService)
2022-03-25 12:55:15 INFO  main c.w.a.a.AcsserviceApplication No active profile set, falling back to 1 default profile: "default"
2022-03-25 12:55:18 INFO  main o.s.b.w.e.t.TomcatWebServer Tomcat initialized with port(s): 9250 (http)
2022-03-25 12:55:18 INFO  main o.a.c.h.Http11NioProtocol Initializing ProtocolHandler ["http-nio-9250"]
2022-03-25 12:55:18 INFO  main o.a.c.c.StandardService Starting service [Tomcat]
2022-03-25 12:55:18 INFO  main o.a.c.c.StandardEngine Starting Servlet engine: [Apache Tomcat/9.0.58]
2022-03-25 12:55:18 INFO  main o.a.c.c.C.[.[.[/]    Initializing Spring embedded WebApplicationContext
2022-03-25 12:55:18 INFO  main o.s.b.w.s.c.ServletWebServerApplicationContext Root WebApplicationContext: initialization completed in 2604 ms
2022-03-25 12:55:18 INFO  main c.a.d.s.b.a.DruidDataSourceAutoConfigure Init DruidDataSource
2022-03-25 12:55:19 INFO  main c.a.d.p.DruidDataSource {dataSource-1} inited
2022-03-25 12:55:19 WARN  main c.b.m.c.m.TableInfoHelper Can not find table primary key in Class: "com.wim.aero.acs.db.entity.Apb".
2022-03-25 12:55:19 WARN  main c.b.m.c.i.DefaultSqlInjector class com.wim.aero.acs.db.entity.Apb ,Not found @TableId annotation, Cannot use Mybatis-Plus 'xxById' Method.
2022-03-25 12:55:19 WARN  main c.b.m.c.m.TableInfoHelper Can not find table primary key in Class: "com.wim.aero.acs.db.entity.CCardInfo".
2022-03-25 12:55:19 WARN  main c.b.m.c.i.DefaultSqlInjector class com.wim.aero.acs.db.entity.CCardInfo ,Not found @TableId annotation, Cannot use Mybatis-Plus 'xxById' Method.
2022-03-25 12:55:19 WARN  main c.b.m.c.m.TableInfoHelper Can not find table primary key in Class: "com.wim.aero.acs.db.entity.CardFormat".
2022-03-25 12:55:19 WARN  main c.b.m.c.i.DefaultSqlInjector class com.wim.aero.acs.db.entity.CardFormat ,Not found @TableId annotation, Cannot use Mybatis-Plus 'xxById' Method.
2022-03-25 12:55:19 WARN  main c.b.m.c.m.TableInfoHelper Can not find table primary key in Class: "com.wim.aero.acs.db.entity.DAccessLevelDoor".
2022-03-25 12:55:19 WARN  main c.b.m.c.i.DefaultSqlInjector class com.wim.aero.acs.db.entity.DAccessLevelDoor ,Not found @TableId annotation, Cannot use Mybatis-Plus 'xxById' Method.
2022-03-25 12:55:19 WARN  main c.b.m.c.m.TableInfoHelper Can not find table primary key in Class: "com.wim.aero.acs.db.entity.DAccessLevel".
2022-03-25 12:55:19 WARN  main c.b.m.c.i.DefaultSqlInjector class com.wim.aero.acs.db.entity.DAccessLevel ,Not found @TableId annotation, Cannot use Mybatis-Plus 'xxById' Method.
2022-03-25 12:55:19 WARN  main c.b.m.c.m.TableInfoHelper Can not find table primary key in Class: "com.wim.aero.acs.db.entity.DHoliday".
2022-03-25 12:55:19 WARN  main c.b.m.c.i.DefaultSqlInjector class com.wim.aero.acs.db.entity.DHoliday ,Not found @TableId annotation, Cannot use Mybatis-Plus 'xxById' Method.
2022-03-25 12:55:20 WARN  main c.b.m.c.m.TableInfoHelper Can not find table primary key in Class: "com.wim.aero.acs.db.entity.DSchedulesGroupDetail".
2022-03-25 12:55:20 WARN  main c.b.m.c.i.DefaultSqlInjector class com.wim.aero.acs.db.entity.DSchedulesGroupDetail ,Not found @TableId annotation, Cannot use Mybatis-Plus 'xxById' Method.
2022-03-25 12:55:20 WARN  main c.b.m.c.m.TableInfoHelper Can not find table primary key in Class: "com.wim.aero.acs.db.entity.DSchedulesGroup".
2022-03-25 12:55:20 WARN  main c.b.m.c.i.DefaultSqlInjector class com.wim.aero.acs.db.entity.DSchedulesGroup ,Not found @TableId annotation, Cannot use Mybatis-Plus 'xxById' Method.
2022-03-25 12:55:20 WARN  main c.b.m.c.m.TableInfoHelper Can not find table primary key in Class: "com.wim.aero.acs.db.entity.DSchedules".
2022-03-25 12:55:20 WARN  main c.b.m.c.i.DefaultSqlInjector class com.wim.aero.acs.db.entity.DSchedules ,Not found @TableId annotation, Cannot use Mybatis-Plus 'xxById' Method.
2022-03-25 12:55:20 WARN  main c.b.m.c.m.TableInfoHelper Can not find table primary key in Class: "com.wim.aero.acs.db.entity.DefenceInput".
2022-03-25 12:55:20 WARN  main c.b.m.c.i.DefaultSqlInjector class com.wim.aero.acs.db.entity.DefenceInput ,Not found @TableId annotation, Cannot use Mybatis-Plus 'xxById' Method.
2022-03-25 12:55:20 WARN  main c.b.m.c.m.TableInfoHelper Can not find table primary key in Class: "com.wim.aero.acs.db.entity.DevControllerCommonAttribute".
2022-03-25 12:55:20 WARN  main c.b.m.c.i.DefaultSqlInjector class com.wim.aero.acs.db.entity.DevControllerCommonAttribute ,Not found @TableId annotation, Cannot use Mybatis-Plus 'xxById' Method.
2022-03-25 12:55:20 WARN  main c.b.m.c.m.TableInfoHelper Can not find table primary key in Class: "com.wim.aero.acs.db.entity.EleLevelReader".
2022-03-25 12:55:20 WARN  main c.b.m.c.i.DefaultSqlInjector class com.wim.aero.acs.db.entity.EleLevelReader ,Not found @TableId annotation, Cannot use Mybatis-Plus 'xxById' Method.
2022-03-25 12:55:23 INFO  main o.a.c.h.Http11NioProtocol Starting ProtocolHandler ["http-nio-9250"]
2022-03-25 12:55:23 INFO  main o.s.b.w.e.t.TomcatWebServer Tomcat started on port(s): 9250 (http) with context path ''
2022-03-25 12:55:23 WARN  main o.s.b.w.s.c.AnnotationConfigServletWebServerApplicationContext Exception encountered during context initialization - cancelling refresh attempt: org.springframework.context.ApplicationContextException: Failed to start bean 'documentationPluginsBootstrapper'; nested exception is java.lang.NullPointerException
2022-03-25 12:55:23 INFO  main c.a.d.p.DruidDataSource {dataSource-1} closing ...
2022-03-25 12:55:23 INFO  main c.a.d.p.DruidDataSource {dataSource-1} closed
2022-03-25 12:55:23 INFO  main o.a.c.h.Http11NioProtocol Pausing ProtocolHandler ["http-nio-9250"]
2022-03-25 12:55:23 INFO  main o.a.c.c.StandardService Stopping service [Tomcat]
2022-03-25 12:55:23 INFO  main o.a.c.h.Http11NioProtocol Stopping ProtocolHandler ["http-nio-9250"]
2022-03-25 12:55:23 INFO  main o.a.c.h.Http11NioProtocol Destroying ProtocolHandler ["http-nio-9250"]
2022-03-25 12:55:23 INFO  main o.s.b.a.l.ConditionEvaluationReportLoggingListener 

Error starting ApplicationContext. To display the conditions report re-run your application with 'debug' enabled.
2022-03-25 12:55:23 ERROR main o.s.b.SpringApplication Application run failed
org.springframework.context.ApplicationContextException: Failed to start bean 'documentationPluginsBootstrapper'; nested exception is java.lang.NullPointerException
	at org.springframework.context.support.DefaultLifecycleProcessor.doStart(DefaultLifecycleProcessor.java:181)
	at org.springframework.context.support.DefaultLifecycleProcessor.access$200(DefaultLifecycleProcessor.java:54)
	at org.springframework.context.support.DefaultLifecycleProcessor$LifecycleGroup.start(DefaultLifecycleProcessor.java:356)
	at java.base/java.lang.Iterable.forEach(Iterable.java:75)
	at org.springframework.context.support.DefaultLifecycleProcessor.startBeans(DefaultLifecycleProcessor.java:155)
	at org.springframework.context.support.DefaultLifecycleProcessor.onRefresh(DefaultLifecycleProcessor.java:123)
	at org.springframework.context.support.AbstractApplicationContext.finishRefresh(AbstractApplicationContext.java:935)
	at org.springframework.context.support.AbstractApplicationContext.refresh(AbstractApplicationContext.java:586)
	at org.springframework.boot.web.servlet.context.ServletWebServerApplicationContext.refresh(ServletWebServerApplicationContext.java:145)
	at org.springframework.boot.SpringApplication.refresh(SpringApplication.java:740)
	at org.springframework.boot.SpringApplication.refreshContext(SpringApplication.java:415)
	at org.springframework.boot.SpringApplication.run(SpringApplication.java:303)
	at org.springframework.boot.SpringApplication.run(SpringApplication.java:1312)
	at org.springframework.boot.SpringApplication.run(SpringApplication.java:1301)
	at com.wim.aero.acs.AcsserviceApplication.main(AcsserviceApplication.java:12)
Caused by: java.lang.NullPointerException: null
	at springfox.documentation.spring.web.WebMvcPatternsRequestConditionWrapper.getPatterns(WebMvcPatternsRequestConditionWrapper.java:56)
	at springfox.documentation.RequestHandler.sortedPaths(RequestHandler.java:113)
	at springfox.documentation.spi.service.contexts.Orderings.lambda$byPatternsCondition$3(Orderings.java:89)
	at java.base/java.util.Comparator.lambda$comparing$77a9974f$1(Comparator.java:469)
	at java.base/java.util.TimSort.countRunAndMakeAscending(TimSort.java:355)
	at java.base/java.util.TimSort.sort(TimSort.java:220)
	at java.base/java.util.Arrays.sort(Arrays.java:1515)
	at java.base/java.util.ArrayList.sort(ArrayList.java:1750)
	at java.base/java.util.stream.SortedOps$RefSortingSink.end(SortedOps.java:392)
	at java.base/java.util.stream.Sink$ChainedReference.end(Sink.java:258)
	at java.base/java.util.stream.Sink$ChainedReference.end(Sink.java:258)
	at java.base/java.util.stream.Sink$ChainedReference.end(Sink.java:258)
	at java.base/java.util.stream.Sink$ChainedReference.end(Sink.java:258)
	at java.base/java.util.stream.AbstractPipeline.copyInto(AbstractPipeline.java:485)
	at java.base/java.util.stream.AbstractPipeline.wrapAndCopyInto(AbstractPipeline.java:474)
	at java.base/java.util.stream.ReduceOps$ReduceOp.evaluateSequential(ReduceOps.java:913)
	at java.base/java.util.stream.AbstractPipeline.evaluate(AbstractPipeline.java:234)
	at java.base/java.util.stream.ReferencePipeline.collect(ReferencePipeline.java:578)
	at springfox.documentation.spring.web.plugins.WebMvcRequestHandlerProvider.requestHandlers(WebMvcRequestHandlerProvider.java:81)
	at java.base/java.util.stream.ReferencePipeline$3$1.accept(ReferencePipeline.java:195)
	at java.base/java.util.ArrayList$ArrayListSpliterator.forEachRemaining(ArrayList.java:1655)
	at java.base/java.util.stream.AbstractPipeline.copyInto(AbstractPipeline.java:484)
	at java.base/java.util.stream.AbstractPipeline.wrapAndCopyInto(AbstractPipeline.java:474)
	at java.base/java.util.stream.ReduceOps$ReduceOp.evaluateSequential(ReduceOps.java:913)
	at java.base/java.util.stream.AbstractPipeline.evaluate(AbstractPipeline.java:234)
	at java.base/java.util.stream.ReferencePipeline.collect(ReferencePipeline.java:578)
	at springfox.documentation.spring.web.plugins.AbstractDocumentationPluginsBootstrapper.withDefaults(AbstractDocumentationPluginsBootstrapper.java:107)
	at springfox.documentation.spring.web.plugins.AbstractDocumentationPluginsBootstrapper.buildContext(AbstractDocumentationPluginsBootstrapper.java:91)
	at springfox.documentation.spring.web.plugins.AbstractDocumentationPluginsBootstrapper.bootstrapDocumentationPlugins(AbstractDocumentationPluginsBootstrapper.java:82)
	at springfox.documentation.spring.web.plugins.DocumentationPluginsBootstrapper.start(DocumentationPluginsBootstrapper.java:100)
	at org.springframework.context.support.DefaultLifecycleProcessor.doStart(DefaultLifecycleProcessor.java:178)
	... 14 common frames omitted
2022-03-25 12:56:27 INFO  main c.w.a.a.AcsserviceApplication Starting AcsserviceApplication using Java 11.0.10 on DESKTOP-SPKKHPB with PID 28288 (D:\08_aero\00_code\ACSService\target\classes started by ansen in D:\08_aero\00_code\ACSService)
2022-03-25 12:56:27 INFO  main c.w.a.a.AcsserviceApplication No active profile set, falling back to 1 default profile: "default"
2022-03-25 12:56:29 INFO  main o.s.b.w.e.t.TomcatWebServer Tomcat initialized with port(s): 9250 (http)
2022-03-25 12:56:29 INFO  main o.a.c.h.Http11NioProtocol Initializing ProtocolHandler ["http-nio-9250"]
2022-03-25 12:56:29 INFO  main o.a.c.c.StandardService Starting service [Tomcat]
2022-03-25 12:56:29 INFO  main o.a.c.c.StandardEngine Starting Servlet engine: [Apache Tomcat/9.0.58]
2022-03-25 12:56:29 INFO  main o.a.c.c.C.[.[.[/]    Initializing Spring embedded WebApplicationContext
2022-03-25 12:56:29 INFO  main o.s.b.w.s.c.ServletWebServerApplicationContext Root WebApplicationContext: initialization completed in 2029 ms
2022-03-25 12:56:29 INFO  main c.a.d.s.b.a.DruidDataSourceAutoConfigure Init DruidDataSource
2022-03-25 12:56:29 INFO  main c.a.d.p.DruidDataSource {dataSource-1} inited
2022-03-25 12:56:30 WARN  main c.b.m.c.m.TableInfoHelper Can not find table primary key in Class: "com.wim.aero.acs.db.entity.Apb".
2022-03-25 12:56:30 WARN  main c.b.m.c.i.DefaultSqlInjector class com.wim.aero.acs.db.entity.Apb ,Not found @TableId annotation, Cannot use Mybatis-Plus 'xxById' Method.
2022-03-25 12:56:30 WARN  main c.b.m.c.m.TableInfoHelper Can not find table primary key in Class: "com.wim.aero.acs.db.entity.CCardInfo".
2022-03-25 12:56:30 WARN  main c.b.m.c.i.DefaultSqlInjector class com.wim.aero.acs.db.entity.CCardInfo ,Not found @TableId annotation, Cannot use Mybatis-Plus 'xxById' Method.
2022-03-25 12:56:30 WARN  main c.b.m.c.m.TableInfoHelper Can not find table primary key in Class: "com.wim.aero.acs.db.entity.CardFormat".
2022-03-25 12:56:30 WARN  main c.b.m.c.i.DefaultSqlInjector class com.wim.aero.acs.db.entity.CardFormat ,Not found @TableId annotation, Cannot use Mybatis-Plus 'xxById' Method.
2022-03-25 12:56:30 WARN  main c.b.m.c.m.TableInfoHelper Can not find table primary key in Class: "com.wim.aero.acs.db.entity.DAccessLevelDoor".
2022-03-25 12:56:30 WARN  main c.b.m.c.i.DefaultSqlInjector class com.wim.aero.acs.db.entity.DAccessLevelDoor ,Not found @TableId annotation, Cannot use Mybatis-Plus 'xxById' Method.
2022-03-25 12:56:30 WARN  main c.b.m.c.m.TableInfoHelper Can not find table primary key in Class: "com.wim.aero.acs.db.entity.DAccessLevel".
2022-03-25 12:56:30 WARN  main c.b.m.c.i.DefaultSqlInjector class com.wim.aero.acs.db.entity.DAccessLevel ,Not found @TableId annotation, Cannot use Mybatis-Plus 'xxById' Method.
2022-03-25 12:56:30 WARN  main c.b.m.c.m.TableInfoHelper Can not find table primary key in Class: "com.wim.aero.acs.db.entity.DHoliday".
2022-03-25 12:56:30 WARN  main c.b.m.c.i.DefaultSqlInjector class com.wim.aero.acs.db.entity.DHoliday ,Not found @TableId annotation, Cannot use Mybatis-Plus 'xxById' Method.
2022-03-25 12:56:30 WARN  main c.b.m.c.m.TableInfoHelper Can not find table primary key in Class: "com.wim.aero.acs.db.entity.DSchedulesGroupDetail".
2022-03-25 12:56:30 WARN  main c.b.m.c.i.DefaultSqlInjector class com.wim.aero.acs.db.entity.DSchedulesGroupDetail ,Not found @TableId annotation, Cannot use Mybatis-Plus 'xxById' Method.
2022-03-25 12:56:30 WARN  main c.b.m.c.m.TableInfoHelper Can not find table primary key in Class: "com.wim.aero.acs.db.entity.DSchedulesGroup".
2022-03-25 12:56:30 WARN  main c.b.m.c.i.DefaultSqlInjector class com.wim.aero.acs.db.entity.DSchedulesGroup ,Not found @TableId annotation, Cannot use Mybatis-Plus 'xxById' Method.
2022-03-25 12:56:30 WARN  main c.b.m.c.m.TableInfoHelper Can not find table primary key in Class: "com.wim.aero.acs.db.entity.DSchedules".
2022-03-25 12:56:30 WARN  main c.b.m.c.i.DefaultSqlInjector class com.wim.aero.acs.db.entity.DSchedules ,Not found @TableId annotation, Cannot use Mybatis-Plus 'xxById' Method.
2022-03-25 12:56:30 WARN  main c.b.m.c.m.TableInfoHelper Can not find table primary key in Class: "com.wim.aero.acs.db.entity.DefenceInput".
2022-03-25 12:56:30 WARN  main c.b.m.c.i.DefaultSqlInjector class com.wim.aero.acs.db.entity.DefenceInput ,Not found @TableId annotation, Cannot use Mybatis-Plus 'xxById' Method.
2022-03-25 12:56:30 WARN  main c.b.m.c.m.TableInfoHelper Can not find table primary key in Class: "com.wim.aero.acs.db.entity.DevControllerCommonAttribute".
2022-03-25 12:56:30 WARN  main c.b.m.c.i.DefaultSqlInjector class com.wim.aero.acs.db.entity.DevControllerCommonAttribute ,Not found @TableId annotation, Cannot use Mybatis-Plus 'xxById' Method.
2022-03-25 12:56:30 WARN  main c.b.m.c.m.TableInfoHelper Can not find table primary key in Class: "com.wim.aero.acs.db.entity.EleLevelReader".
2022-03-25 12:56:30 WARN  main c.b.m.c.i.DefaultSqlInjector class com.wim.aero.acs.db.entity.EleLevelReader ,Not found @TableId annotation, Cannot use Mybatis-Plus 'xxById' Method.
2022-03-25 12:56:32 INFO  main o.a.c.h.Http11NioProtocol Starting ProtocolHandler ["http-nio-9250"]
2022-03-25 12:56:32 INFO  main o.s.b.w.e.t.TomcatWebServer Tomcat started on port(s): 9250 (http) with context path ''
2022-03-25 12:56:32 INFO  main c.w.a.a.AcsserviceApplication Started AcsserviceApplication in 6.036 seconds (JVM running for 7.088)
2022-03-25 12:58:15 INFO  main c.w.a.a.AcsserviceApplication Starting AcsserviceApplication using Java 11.0.10 on DESKTOP-SPKKHPB with PID 22020 (D:\08_aero\00_code\ACSService\target\classes started by ansen in D:\08_aero\00_code\ACSService)
2022-03-25 12:58:15 INFO  main c.w.a.a.AcsserviceApplication No active profile set, falling back to 1 default profile: "default"
2022-03-25 12:58:17 INFO  main o.s.b.w.e.t.TomcatWebServer Tomcat initialized with port(s): 9250 (http)
2022-03-25 12:58:17 INFO  main o.a.c.h.Http11NioProtocol Initializing ProtocolHandler ["http-nio-9250"]
2022-03-25 12:58:17 INFO  main o.a.c.c.StandardService Starting service [Tomcat]
2022-03-25 12:58:17 INFO  main o.a.c.c.StandardEngine Starting Servlet engine: [Apache Tomcat/9.0.58]
2022-03-25 12:58:17 INFO  main o.a.c.c.C.[.[.[/]    Initializing Spring embedded WebApplicationContext
2022-03-25 12:58:17 INFO  main o.s.b.w.s.c.ServletWebServerApplicationContext Root WebApplicationContext: initialization completed in 1972 ms
2022-03-25 12:58:17 INFO  main c.a.d.s.b.a.DruidDataSourceAutoConfigure Init DruidDataSource
2022-03-25 12:58:17 INFO  main c.a.d.p.DruidDataSource {dataSource-1} inited
2022-03-25 12:58:17 WARN  main c.b.m.c.m.TableInfoHelper Can not find table primary key in Class: "com.wim.aero.acs.db.entity.Apb".
2022-03-25 12:58:17 WARN  main c.b.m.c.i.DefaultSqlInjector class com.wim.aero.acs.db.entity.Apb ,Not found @TableId annotation, Cannot use Mybatis-Plus 'xxById' Method.
2022-03-25 12:58:18 WARN  main c.b.m.c.m.TableInfoHelper Can not find table primary key in Class: "com.wim.aero.acs.db.entity.CCardInfo".
2022-03-25 12:58:18 WARN  main c.b.m.c.i.DefaultSqlInjector class com.wim.aero.acs.db.entity.CCardInfo ,Not found @TableId annotation, Cannot use Mybatis-Plus 'xxById' Method.
2022-03-25 12:58:18 WARN  main c.b.m.c.m.TableInfoHelper Can not find table primary key in Class: "com.wim.aero.acs.db.entity.CardFormat".
2022-03-25 12:58:18 WARN  main c.b.m.c.i.DefaultSqlInjector class com.wim.aero.acs.db.entity.CardFormat ,Not found @TableId annotation, Cannot use Mybatis-Plus 'xxById' Method.
2022-03-25 12:58:18 WARN  main c.b.m.c.m.TableInfoHelper Can not find table primary key in Class: "com.wim.aero.acs.db.entity.DAccessLevelDoor".
2022-03-25 12:58:18 WARN  main c.b.m.c.i.DefaultSqlInjector class com.wim.aero.acs.db.entity.DAccessLevelDoor ,Not found @TableId annotation, Cannot use Mybatis-Plus 'xxById' Method.
2022-03-25 12:58:18 WARN  main c.b.m.c.m.TableInfoHelper Can not find table primary key in Class: "com.wim.aero.acs.db.entity.DAccessLevel".
2022-03-25 12:58:18 WARN  main c.b.m.c.i.DefaultSqlInjector class com.wim.aero.acs.db.entity.DAccessLevel ,Not found @TableId annotation, Cannot use Mybatis-Plus 'xxById' Method.
2022-03-25 12:58:18 WARN  main c.b.m.c.m.TableInfoHelper Can not find table primary key in Class: "com.wim.aero.acs.db.entity.DHoliday".
2022-03-25 12:58:18 WARN  main c.b.m.c.i.DefaultSqlInjector class com.wim.aero.acs.db.entity.DHoliday ,Not found @TableId annotation, Cannot use Mybatis-Plus 'xxById' Method.
2022-03-25 12:58:18 WARN  main c.b.m.c.m.TableInfoHelper Can not find table primary key in Class: "com.wim.aero.acs.db.entity.DSchedulesGroupDetail".
2022-03-25 12:58:18 WARN  main c.b.m.c.i.DefaultSqlInjector class com.wim.aero.acs.db.entity.DSchedulesGroupDetail ,Not found @TableId annotation, Cannot use Mybatis-Plus 'xxById' Method.
2022-03-25 12:58:18 WARN  main c.b.m.c.m.TableInfoHelper Can not find table primary key in Class: "com.wim.aero.acs.db.entity.DSchedulesGroup".
2022-03-25 12:58:18 WARN  main c.b.m.c.i.DefaultSqlInjector class com.wim.aero.acs.db.entity.DSchedulesGroup ,Not found @TableId annotation, Cannot use Mybatis-Plus 'xxById' Method.
2022-03-25 12:58:18 WARN  main c.b.m.c.m.TableInfoHelper Can not find table primary key in Class: "com.wim.aero.acs.db.entity.DSchedules".
2022-03-25 12:58:18 WARN  main c.b.m.c.i.DefaultSqlInjector class com.wim.aero.acs.db.entity.DSchedules ,Not found @TableId annotation, Cannot use Mybatis-Plus 'xxById' Method.
2022-03-25 12:58:18 WARN  main c.b.m.c.m.TableInfoHelper Can not find table primary key in Class: "com.wim.aero.acs.db.entity.DefenceInput".
2022-03-25 12:58:18 WARN  main c.b.m.c.i.DefaultSqlInjector class com.wim.aero.acs.db.entity.DefenceInput ,Not found @TableId annotation, Cannot use Mybatis-Plus 'xxById' Method.
2022-03-25 12:58:18 WARN  main c.b.m.c.m.TableInfoHelper Can not find table primary key in Class: "com.wim.aero.acs.db.entity.DevControllerCommonAttribute".
2022-03-25 12:58:18 WARN  main c.b.m.c.i.DefaultSqlInjector class com.wim.aero.acs.db.entity.DevControllerCommonAttribute ,Not found @TableId annotation, Cannot use Mybatis-Plus 'xxById' Method.
2022-03-25 12:58:18 WARN  main c.b.m.c.m.TableInfoHelper Can not find table primary key in Class: "com.wim.aero.acs.db.entity.EleLevelReader".
2022-03-25 12:58:18 WARN  main c.b.m.c.i.DefaultSqlInjector class com.wim.aero.acs.db.entity.EleLevelReader ,Not found @TableId annotation, Cannot use Mybatis-Plus 'xxById' Method.
2022-03-25 12:58:20 INFO  main o.a.c.h.Http11NioProtocol Starting ProtocolHandler ["http-nio-9250"]
2022-03-25 12:58:20 INFO  main o.s.b.w.e.t.TomcatWebServer Tomcat started on port(s): 9250 (http) with context path ''
2022-03-25 12:58:20 INFO  main c.w.a.a.AcsserviceApplication Started AcsserviceApplication in 5.922 seconds (JVM running for 7.418)
2022-03-25 13:03:28 INFO  main c.w.a.a.AcsserviceApplication Starting AcsserviceApplication using Java 11.0.10 on DESKTOP-SPKKHPB with PID 22712 (D:\08_aero\00_code\ACSService\target\classes started by ansen in D:\08_aero\00_code\ACSService)
2022-03-25 13:03:28 INFO  main c.w.a.a.AcsserviceApplication No active profile set, falling back to 1 default profile: "default"
2022-03-25 13:03:29 INFO  main o.s.b.w.e.t.TomcatWebServer Tomcat initialized with port(s): 9250 (http)
2022-03-25 13:03:29 INFO  main o.a.c.h.Http11NioProtocol Initializing ProtocolHandler ["http-nio-9250"]
2022-03-25 13:03:29 INFO  main o.a.c.c.StandardService Starting service [Tomcat]
2022-03-25 13:03:29 INFO  main o.a.c.c.StandardEngine Starting Servlet engine: [Apache Tomcat/9.0.58]
2022-03-25 13:03:30 INFO  main o.a.c.c.C.[.[.[/]    Initializing Spring embedded WebApplicationContext
2022-03-25 13:03:30 INFO  main o.s.b.w.s.c.ServletWebServerApplicationContext Root WebApplicationContext: initialization completed in 1842 ms
2022-03-25 13:03:30 INFO  main c.a.d.s.b.a.DruidDataSourceAutoConfigure Init DruidDataSource
2022-03-25 13:03:30 INFO  main c.a.d.p.DruidDataSource {dataSource-1} inited
2022-03-25 13:03:30 WARN  main c.b.m.c.m.TableInfoHelper Can not find table primary key in Class: "com.wim.aero.acs.db.entity.Apb".
2022-03-25 13:03:30 WARN  main c.b.m.c.i.DefaultSqlInjector class com.wim.aero.acs.db.entity.Apb ,Not found @TableId annotation, Cannot use Mybatis-Plus 'xxById' Method.
2022-03-25 13:03:30 WARN  main c.b.m.c.m.TableInfoHelper Can not find table primary key in Class: "com.wim.aero.acs.db.entity.CCardInfo".
2022-03-25 13:03:30 WARN  main c.b.m.c.i.DefaultSqlInjector class com.wim.aero.acs.db.entity.CCardInfo ,Not found @TableId annotation, Cannot use Mybatis-Plus 'xxById' Method.
2022-03-25 13:03:30 WARN  main c.b.m.c.m.TableInfoHelper Can not find table primary key in Class: "com.wim.aero.acs.db.entity.CardFormat".
2022-03-25 13:03:30 WARN  main c.b.m.c.i.DefaultSqlInjector class com.wim.aero.acs.db.entity.CardFormat ,Not found @TableId annotation, Cannot use Mybatis-Plus 'xxById' Method.
2022-03-25 13:03:30 WARN  main c.b.m.c.m.TableInfoHelper Can not find table primary key in Class: "com.wim.aero.acs.db.entity.DAccessLevelDoor".
2022-03-25 13:03:30 WARN  main c.b.m.c.i.DefaultSqlInjector class com.wim.aero.acs.db.entity.DAccessLevelDoor ,Not found @TableId annotation, Cannot use Mybatis-Plus 'xxById' Method.
2022-03-25 13:03:30 WARN  main c.b.m.c.m.TableInfoHelper Can not find table primary key in Class: "com.wim.aero.acs.db.entity.DAccessLevel".
2022-03-25 13:03:30 WARN  main c.b.m.c.i.DefaultSqlInjector class com.wim.aero.acs.db.entity.DAccessLevel ,Not found @TableId annotation, Cannot use Mybatis-Plus 'xxById' Method.
2022-03-25 13:03:30 WARN  main c.b.m.c.m.TableInfoHelper Can not find table primary key in Class: "com.wim.aero.acs.db.entity.DHoliday".
2022-03-25 13:03:30 WARN  main c.b.m.c.i.DefaultSqlInjector class com.wim.aero.acs.db.entity.DHoliday ,Not found @TableId annotation, Cannot use Mybatis-Plus 'xxById' Method.
2022-03-25 13:03:30 WARN  main c.b.m.c.m.TableInfoHelper Can not find table primary key in Class: "com.wim.aero.acs.db.entity.DSchedulesGroupDetail".
2022-03-25 13:03:30 WARN  main c.b.m.c.i.DefaultSqlInjector class com.wim.aero.acs.db.entity.DSchedulesGroupDetail ,Not found @TableId annotation, Cannot use Mybatis-Plus 'xxById' Method.
2022-03-25 13:03:30 WARN  main c.b.m.c.m.TableInfoHelper Can not find table primary key in Class: "com.wim.aero.acs.db.entity.DSchedulesGroup".
2022-03-25 13:03:30 WARN  main c.b.m.c.i.DefaultSqlInjector class com.wim.aero.acs.db.entity.DSchedulesGroup ,Not found @TableId annotation, Cannot use Mybatis-Plus 'xxById' Method.
2022-03-25 13:03:30 WARN  main c.b.m.c.m.TableInfoHelper Can not find table primary key in Class: "com.wim.aero.acs.db.entity.DSchedules".
2022-03-25 13:03:30 WARN  main c.b.m.c.i.DefaultSqlInjector class com.wim.aero.acs.db.entity.DSchedules ,Not found @TableId annotation, Cannot use Mybatis-Plus 'xxById' Method.
2022-03-25 13:03:30 WARN  main c.b.m.c.m.TableInfoHelper Can not find table primary key in Class: "com.wim.aero.acs.db.entity.DefenceInput".
2022-03-25 13:03:30 WARN  main c.b.m.c.i.DefaultSqlInjector class com.wim.aero.acs.db.entity.DefenceInput ,Not found @TableId annotation, Cannot use Mybatis-Plus 'xxById' Method.
2022-03-25 13:03:30 WARN  main c.b.m.c.m.TableInfoHelper Can not find table primary key in Class: "com.wim.aero.acs.db.entity.DevControllerCommonAttribute".
2022-03-25 13:03:30 WARN  main c.b.m.c.i.DefaultSqlInjector class com.wim.aero.acs.db.entity.DevControllerCommonAttribute ,Not found @TableId annotation, Cannot use Mybatis-Plus 'xxById' Method.
2022-03-25 13:03:30 WARN  main c.b.m.c.m.TableInfoHelper Can not find table primary key in Class: "com.wim.aero.acs.db.entity.EleLevelReader".
2022-03-25 13:03:30 WARN  main c.b.m.c.i.DefaultSqlInjector class com.wim.aero.acs.db.entity.EleLevelReader ,Not found @TableId annotation, Cannot use Mybatis-Plus 'xxById' Method.
2022-03-25 13:03:33 INFO  main o.a.c.h.Http11NioProtocol Starting ProtocolHandler ["http-nio-9250"]
2022-03-25 13:03:33 INFO  main o.s.b.w.e.t.TomcatWebServer Tomcat started on port(s): 9250 (http) with context path ''
2022-03-25 13:03:33 INFO  main c.w.a.a.AcsserviceApplication Started AcsserviceApplication in 6.102 seconds (JVM running for 8.122)
2022-03-25 13:15:42 INFO  main c.w.a.a.AcsserviceApplication Starting AcsserviceApplication using Java 11.0.10 on DESKTOP-SPKKHPB with PID 8356 (D:\08_aero\00_code\ACSService\target\classes started by ansen in D:\08_aero\00_code\ACSService)
2022-03-25 13:15:42 INFO  main c.w.a.a.AcsserviceApplication No active profile set, falling back to 1 default profile: "default"
2022-03-25 13:15:44 INFO  main o.s.b.w.e.t.TomcatWebServer Tomcat initialized with port(s): 9250 (http)
2022-03-25 13:15:44 INFO  main o.a.c.h.Http11NioProtocol Initializing ProtocolHandler ["http-nio-9250"]
2022-03-25 13:15:44 INFO  main o.a.c.c.StandardService Starting service [Tomcat]
2022-03-25 13:15:44 INFO  main o.a.c.c.StandardEngine Starting Servlet engine: [Apache Tomcat/9.0.58]
2022-03-25 13:15:44 INFO  main o.a.c.c.C.[.[.[/]    Initializing Spring embedded WebApplicationContext
2022-03-25 13:15:44 INFO  main o.s.b.w.s.c.ServletWebServerApplicationContext Root WebApplicationContext: initialization completed in 1947 ms
2022-03-25 13:15:44 INFO  main c.a.d.s.b.a.DruidDataSourceAutoConfigure Init DruidDataSource
2022-03-25 13:15:44 INFO  main c.a.d.p.DruidDataSource {dataSource-1} inited
2022-03-25 13:15:44 WARN  main c.b.m.c.m.TableInfoHelper Can not find table primary key in Class: "com.wim.aero.acs.db.entity.Apb".
2022-03-25 13:15:44 WARN  main c.b.m.c.i.DefaultSqlInjector class com.wim.aero.acs.db.entity.Apb ,Not found @TableId annotation, Cannot use Mybatis-Plus 'xxById' Method.
2022-03-25 13:15:44 WARN  main c.b.m.c.m.TableInfoHelper Can not find table primary key in Class: "com.wim.aero.acs.db.entity.CCardInfo".
2022-03-25 13:15:44 WARN  main c.b.m.c.i.DefaultSqlInjector class com.wim.aero.acs.db.entity.CCardInfo ,Not found @TableId annotation, Cannot use Mybatis-Plus 'xxById' Method.
2022-03-25 13:15:44 WARN  main c.b.m.c.m.TableInfoHelper Can not find table primary key in Class: "com.wim.aero.acs.db.entity.CardFormat".
2022-03-25 13:15:44 WARN  main c.b.m.c.i.DefaultSqlInjector class com.wim.aero.acs.db.entity.CardFormat ,Not found @TableId annotation, Cannot use Mybatis-Plus 'xxById' Method.
2022-03-25 13:15:44 WARN  main c.b.m.c.m.TableInfoHelper Can not find table primary key in Class: "com.wim.aero.acs.db.entity.DAccessLevelDoor".
2022-03-25 13:15:44 WARN  main c.b.m.c.i.DefaultSqlInjector class com.wim.aero.acs.db.entity.DAccessLevelDoor ,Not found @TableId annotation, Cannot use Mybatis-Plus 'xxById' Method.
2022-03-25 13:15:44 WARN  main c.b.m.c.m.TableInfoHelper Can not find table primary key in Class: "com.wim.aero.acs.db.entity.DAccessLevel".
2022-03-25 13:15:44 WARN  main c.b.m.c.i.DefaultSqlInjector class com.wim.aero.acs.db.entity.DAccessLevel ,Not found @TableId annotation, Cannot use Mybatis-Plus 'xxById' Method.
2022-03-25 13:15:44 WARN  main c.b.m.c.m.TableInfoHelper Can not find table primary key in Class: "com.wim.aero.acs.db.entity.DHoliday".
2022-03-25 13:15:44 WARN  main c.b.m.c.i.DefaultSqlInjector class com.wim.aero.acs.db.entity.DHoliday ,Not found @TableId annotation, Cannot use Mybatis-Plus 'xxById' Method.
2022-03-25 13:15:44 WARN  main c.b.m.c.m.TableInfoHelper Can not find table primary key in Class: "com.wim.aero.acs.db.entity.DSchedulesGroupDetail".
2022-03-25 13:15:44 WARN  main c.b.m.c.i.DefaultSqlInjector class com.wim.aero.acs.db.entity.DSchedulesGroupDetail ,Not found @TableId annotation, Cannot use Mybatis-Plus 'xxById' Method.
2022-03-25 13:15:44 WARN  main c.b.m.c.m.TableInfoHelper Can not find table primary key in Class: "com.wim.aero.acs.db.entity.DSchedulesGroup".
2022-03-25 13:15:44 WARN  main c.b.m.c.i.DefaultSqlInjector class com.wim.aero.acs.db.entity.DSchedulesGroup ,Not found @TableId annotation, Cannot use Mybatis-Plus 'xxById' Method.
2022-03-25 13:15:44 WARN  main c.b.m.c.m.TableInfoHelper Can not find table primary key in Class: "com.wim.aero.acs.db.entity.DSchedules".
2022-03-25 13:15:44 WARN  main c.b.m.c.i.DefaultSqlInjector class com.wim.aero.acs.db.entity.DSchedules ,Not found @TableId annotation, Cannot use Mybatis-Plus 'xxById' Method.
2022-03-25 13:15:44 WARN  main c.b.m.c.m.TableInfoHelper Can not find table primary key in Class: "com.wim.aero.acs.db.entity.DefenceInput".
2022-03-25 13:15:44 WARN  main c.b.m.c.i.DefaultSqlInjector class com.wim.aero.acs.db.entity.DefenceInput ,Not found @TableId annotation, Cannot use Mybatis-Plus 'xxById' Method.
2022-03-25 13:15:44 WARN  main c.b.m.c.m.TableInfoHelper Can not find table primary key in Class: "com.wim.aero.acs.db.entity.DevControllerCommonAttribute".
2022-03-25 13:15:44 WARN  main c.b.m.c.i.DefaultSqlInjector class com.wim.aero.acs.db.entity.DevControllerCommonAttribute ,Not found @TableId annotation, Cannot use Mybatis-Plus 'xxById' Method.
2022-03-25 13:15:45 WARN  main c.b.m.c.m.TableInfoHelper Can not find table primary key in Class: "com.wim.aero.acs.db.entity.EleLevelReader".
2022-03-25 13:15:45 WARN  main c.b.m.c.i.DefaultSqlInjector class com.wim.aero.acs.db.entity.EleLevelReader ,Not found @TableId annotation, Cannot use Mybatis-Plus 'xxById' Method.
2022-03-25 13:15:47 INFO  main o.a.c.h.Http11NioProtocol Starting ProtocolHandler ["http-nio-9250"]
2022-03-25 13:15:47 INFO  main o.s.b.w.e.t.TomcatWebServer Tomcat started on port(s): 9250 (http) with context path ''
2022-03-25 13:15:47 INFO  main c.w.a.a.AcsserviceApplication Started AcsserviceApplication in 5.988 seconds (JVM running for 8.485)
2022-03-25 13:55:38 INFO  http-nio-9250-exec-1 o.a.c.c.C.[.[.[/]    Initializing Spring DispatcherServlet 'dispatcherServlet'
2022-03-25 13:55:38 INFO  http-nio-9250-exec-1 o.s.w.s.DispatcherServlet Initializing Servlet 'dispatcherServlet'
2022-03-25 13:55:38 INFO  http-nio-9250-exec-1 o.s.w.s.DispatcherServlet Completed initialization in 16 ms
2022-03-25 13:56:49 WARN  http-nio-9250-exec-7 o.s.w.s.PageNotFound No mapping for GET /favicon.ico
2022-03-25 14:10:01 INFO  main c.w.a.a.AcsserviceApplication Starting AcsserviceApplication using Java 11.0.10 on DESKTOP-SPKKHPB with PID 31884 (D:\08_aero\00_code\ACSService\target\classes started by ansen in D:\08_aero\00_code\ACSService)
2022-03-25 14:10:01 INFO  main c.w.a.a.AcsserviceApplication No active profile set, falling back to 1 default profile: "default"
2022-03-25 14:10:03 INFO  main o.s.b.w.e.t.TomcatWebServer Tomcat initialized with port(s): 9250 (http)
2022-03-25 14:10:03 INFO  main o.a.c.h.Http11NioProtocol Initializing ProtocolHandler ["http-nio-9250"]
2022-03-25 14:10:03 INFO  main o.a.c.c.StandardService Starting service [Tomcat]
2022-03-25 14:10:03 INFO  main o.a.c.c.StandardEngine Starting Servlet engine: [Apache Tomcat/9.0.58]
2022-03-25 14:10:03 INFO  main o.a.c.c.C.[.[.[/]    Initializing Spring embedded WebApplicationContext
2022-03-25 14:10:03 INFO  main o.s.b.w.s.c.ServletWebServerApplicationContext Root WebApplicationContext: initialization completed in 1790 ms
2022-03-25 14:10:03 INFO  main c.a.d.s.b.a.DruidDataSourceAutoConfigure Init DruidDataSource
2022-03-25 14:10:04 INFO  main c.a.d.p.DruidDataSource {dataSource-1} inited
2022-03-25 14:10:04 WARN  main c.b.m.c.m.TableInfoHelper Can not find table primary key in Class: "com.wim.aero.acs.db.entity.Apb".
2022-03-25 14:10:04 WARN  main c.b.m.c.i.DefaultSqlInjector class com.wim.aero.acs.db.entity.Apb ,Not found @TableId annotation, Cannot use Mybatis-Plus 'xxById' Method.
2022-03-25 14:10:04 WARN  main c.b.m.c.m.TableInfoHelper Can not find table primary key in Class: "com.wim.aero.acs.db.entity.CCardInfo".
2022-03-25 14:10:04 WARN  main c.b.m.c.i.DefaultSqlInjector class com.wim.aero.acs.db.entity.CCardInfo ,Not found @TableId annotation, Cannot use Mybatis-Plus 'xxById' Method.
2022-03-25 14:10:04 WARN  main c.b.m.c.m.TableInfoHelper Can not find table primary key in Class: "com.wim.aero.acs.db.entity.CardFormat".
2022-03-25 14:10:04 WARN  main c.b.m.c.i.DefaultSqlInjector class com.wim.aero.acs.db.entity.CardFormat ,Not found @TableId annotation, Cannot use Mybatis-Plus 'xxById' Method.
2022-03-25 14:10:04 WARN  main c.b.m.c.m.TableInfoHelper Can not find table primary key in Class: "com.wim.aero.acs.db.entity.DAccessLevelDoor".
2022-03-25 14:10:04 WARN  main c.b.m.c.i.DefaultSqlInjector class com.wim.aero.acs.db.entity.DAccessLevelDoor ,Not found @TableId annotation, Cannot use Mybatis-Plus 'xxById' Method.
2022-03-25 14:10:04 WARN  main c.b.m.c.m.TableInfoHelper Can not find table primary key in Class: "com.wim.aero.acs.db.entity.DAccessLevel".
2022-03-25 14:10:04 WARN  main c.b.m.c.i.DefaultSqlInjector class com.wim.aero.acs.db.entity.DAccessLevel ,Not found @TableId annotation, Cannot use Mybatis-Plus 'xxById' Method.
2022-03-25 14:10:04 WARN  main c.b.m.c.m.TableInfoHelper Can not find table primary key in Class: "com.wim.aero.acs.db.entity.DHoliday".
2022-03-25 14:10:04 WARN  main c.b.m.c.i.DefaultSqlInjector class com.wim.aero.acs.db.entity.DHoliday ,Not found @TableId annotation, Cannot use Mybatis-Plus 'xxById' Method.
2022-03-25 14:10:04 WARN  main c.b.m.c.m.TableInfoHelper Can not find table primary key in Class: "com.wim.aero.acs.db.entity.DSchedulesGroupDetail".
2022-03-25 14:10:04 WARN  main c.b.m.c.i.DefaultSqlInjector class com.wim.aero.acs.db.entity.DSchedulesGroupDetail ,Not found @TableId annotation, Cannot use Mybatis-Plus 'xxById' Method.
2022-03-25 14:10:04 WARN  main c.b.m.c.m.TableInfoHelper Can not find table primary key in Class: "com.wim.aero.acs.db.entity.DSchedulesGroup".
2022-03-25 14:10:04 WARN  main c.b.m.c.i.DefaultSqlInjector class com.wim.aero.acs.db.entity.DSchedulesGroup ,Not found @TableId annotation, Cannot use Mybatis-Plus 'xxById' Method.
2022-03-25 14:10:04 WARN  main c.b.m.c.m.TableInfoHelper Can not find table primary key in Class: "com.wim.aero.acs.db.entity.DSchedules".
2022-03-25 14:10:04 WARN  main c.b.m.c.i.DefaultSqlInjector class com.wim.aero.acs.db.entity.DSchedules ,Not found @TableId annotation, Cannot use Mybatis-Plus 'xxById' Method.
2022-03-25 14:10:04 WARN  main c.b.m.c.m.TableInfoHelper Can not find table primary key in Class: "com.wim.aero.acs.db.entity.DefenceInput".
2022-03-25 14:10:04 WARN  main c.b.m.c.i.DefaultSqlInjector class com.wim.aero.acs.db.entity.DefenceInput ,Not found @TableId annotation, Cannot use Mybatis-Plus 'xxById' Method.
2022-03-25 14:10:04 WARN  main c.b.m.c.m.TableInfoHelper Can not find table primary key in Class: "com.wim.aero.acs.db.entity.DevControllerCommonAttribute".
2022-03-25 14:10:04 WARN  main c.b.m.c.i.DefaultSqlInjector class com.wim.aero.acs.db.entity.DevControllerCommonAttribute ,Not found @TableId annotation, Cannot use Mybatis-Plus 'xxById' Method.
2022-03-25 14:10:04 WARN  main c.b.m.c.m.TableInfoHelper Can not find table primary key in Class: "com.wim.aero.acs.db.entity.EleLevelReader".
2022-03-25 14:10:04 WARN  main c.b.m.c.i.DefaultSqlInjector class com.wim.aero.acs.db.entity.EleLevelReader ,Not found @TableId annotation, Cannot use Mybatis-Plus 'xxById' Method.
2022-03-25 14:10:06 INFO  main o.a.c.h.Http11NioProtocol Starting ProtocolHandler ["http-nio-9250"]
2022-03-25 14:10:06 INFO  main o.s.b.w.e.t.TomcatWebServer Tomcat started on port(s): 9250 (http) with context path ''
2022-03-25 14:10:06 INFO  main c.w.a.a.AcsserviceApplication Started AcsserviceApplication in 5.49 seconds (JVM running for 6.531)
2022-03-25 14:10:11 INFO  http-nio-9250-exec-1 o.a.c.c.C.[.[.[/]    Initializing Spring DispatcherServlet 'dispatcherServlet'
2022-03-25 14:10:11 INFO  http-nio-9250-exec-1 o.s.w.s.DispatcherServlet Initializing Servlet 'dispatcherServlet'
2022-03-25 14:10:11 INFO  http-nio-9250-exec-1 o.s.w.s.DispatcherServlet Completed initialization in 1 ms
2022-03-25 14:10:38 INFO  main c.w.a.a.AcsserviceApplication Starting AcsserviceApplication using Java 11.0.10 on DESKTOP-SPKKHPB with PID 25432 (D:\08_aero\00_code\ACSService\target\classes started by ansen in D:\08_aero\00_code\ACSService)
2022-03-25 14:10:38 INFO  main c.w.a.a.AcsserviceApplication No active profile set, falling back to 1 default profile: "default"
2022-03-25 14:10:40 INFO  main o.s.b.w.e.t.TomcatWebServer Tomcat initialized with port(s): 9250 (http)
2022-03-25 14:10:40 INFO  main o.a.c.h.Http11NioProtocol Initializing ProtocolHandler ["http-nio-9250"]
2022-03-25 14:10:40 INFO  main o.a.c.c.StandardService Starting service [Tomcat]
2022-03-25 14:10:40 INFO  main o.a.c.c.StandardEngine Starting Servlet engine: [Apache Tomcat/9.0.58]
2022-03-25 14:10:41 INFO  main o.a.c.c.C.[.[.[/]    Initializing Spring embedded WebApplicationContext
2022-03-25 14:10:41 INFO  main o.s.b.w.s.c.ServletWebServerApplicationContext Root WebApplicationContext: initialization completed in 2128 ms
2022-03-25 14:10:41 INFO  main c.a.d.s.b.a.DruidDataSourceAutoConfigure Init DruidDataSource
2022-03-25 14:10:41 INFO  main c.a.d.p.DruidDataSource {dataSource-1} inited
2022-03-25 14:10:41 WARN  main c.b.m.c.m.TableInfoHelper Can not find table primary key in Class: "com.wim.aero.acs.db.entity.Apb".
2022-03-25 14:10:41 WARN  main c.b.m.c.i.DefaultSqlInjector class com.wim.aero.acs.db.entity.Apb ,Not found @TableId annotation, Cannot use Mybatis-Plus 'xxById' Method.
2022-03-25 14:10:41 WARN  main c.b.m.c.m.TableInfoHelper Can not find table primary key in Class: "com.wim.aero.acs.db.entity.CCardInfo".
2022-03-25 14:10:41 WARN  main c.b.m.c.i.DefaultSqlInjector class com.wim.aero.acs.db.entity.CCardInfo ,Not found @TableId annotation, Cannot use Mybatis-Plus 'xxById' Method.
2022-03-25 14:10:41 WARN  main c.b.m.c.m.TableInfoHelper Can not find table primary key in Class: "com.wim.aero.acs.db.entity.CardFormat".
2022-03-25 14:10:41 WARN  main c.b.m.c.i.DefaultSqlInjector class com.wim.aero.acs.db.entity.CardFormat ,Not found @TableId annotation, Cannot use Mybatis-Plus 'xxById' Method.
2022-03-25 14:10:41 WARN  main c.b.m.c.m.TableInfoHelper Can not find table primary key in Class: "com.wim.aero.acs.db.entity.DAccessLevelDoor".
2022-03-25 14:10:41 WARN  main c.b.m.c.i.DefaultSqlInjector class com.wim.aero.acs.db.entity.DAccessLevelDoor ,Not found @TableId annotation, Cannot use Mybatis-Plus 'xxById' Method.
2022-03-25 14:10:41 WARN  main c.b.m.c.m.TableInfoHelper Can not find table primary key in Class: "com.wim.aero.acs.db.entity.DAccessLevel".
2022-03-25 14:10:41 WARN  main c.b.m.c.i.DefaultSqlInjector class com.wim.aero.acs.db.entity.DAccessLevel ,Not found @TableId annotation, Cannot use Mybatis-Plus 'xxById' Method.
2022-03-25 14:10:41 WARN  main c.b.m.c.m.TableInfoHelper Can not find table primary key in Class: "com.wim.aero.acs.db.entity.DHoliday".
2022-03-25 14:10:41 WARN  main c.b.m.c.i.DefaultSqlInjector class com.wim.aero.acs.db.entity.DHoliday ,Not found @TableId annotation, Cannot use Mybatis-Plus 'xxById' Method.
2022-03-25 14:10:41 WARN  main c.b.m.c.m.TableInfoHelper Can not find table primary key in Class: "com.wim.aero.acs.db.entity.DSchedulesGroupDetail".
2022-03-25 14:10:41 WARN  main c.b.m.c.i.DefaultSqlInjector class com.wim.aero.acs.db.entity.DSchedulesGroupDetail ,Not found @TableId annotation, Cannot use Mybatis-Plus 'xxById' Method.
2022-03-25 14:10:41 WARN  main c.b.m.c.m.TableInfoHelper Can not find table primary key in Class: "com.wim.aero.acs.db.entity.DSchedulesGroup".
2022-03-25 14:10:41 WARN  main c.b.m.c.i.DefaultSqlInjector class com.wim.aero.acs.db.entity.DSchedulesGroup ,Not found @TableId annotation, Cannot use Mybatis-Plus 'xxById' Method.
2022-03-25 14:10:41 WARN  main c.b.m.c.m.TableInfoHelper Can not find table primary key in Class: "com.wim.aero.acs.db.entity.DSchedules".
2022-03-25 14:10:41 WARN  main c.b.m.c.i.DefaultSqlInjector class com.wim.aero.acs.db.entity.DSchedules ,Not found @TableId annotation, Cannot use Mybatis-Plus 'xxById' Method.
2022-03-25 14:10:41 WARN  main c.b.m.c.m.TableInfoHelper Can not find table primary key in Class: "com.wim.aero.acs.db.entity.DefenceInput".
2022-03-25 14:10:41 WARN  main c.b.m.c.i.DefaultSqlInjector class com.wim.aero.acs.db.entity.DefenceInput ,Not found @TableId annotation, Cannot use Mybatis-Plus 'xxById' Method.
2022-03-25 14:10:41 WARN  main c.b.m.c.m.TableInfoHelper Can not find table primary key in Class: "com.wim.aero.acs.db.entity.DevControllerCommonAttribute".
2022-03-25 14:10:41 WARN  main c.b.m.c.i.DefaultSqlInjector class com.wim.aero.acs.db.entity.DevControllerCommonAttribute ,Not found @TableId annotation, Cannot use Mybatis-Plus 'xxById' Method.
2022-03-25 14:10:41 WARN  main c.b.m.c.m.TableInfoHelper Can not find table primary key in Class: "com.wim.aero.acs.db.entity.EleLevelReader".
2022-03-25 14:10:41 WARN  main c.b.m.c.i.DefaultSqlInjector class com.wim.aero.acs.db.entity.EleLevelReader ,Not found @TableId annotation, Cannot use Mybatis-Plus 'xxById' Method.
2022-03-25 14:10:43 INFO  main o.a.c.h.Http11NioProtocol Starting ProtocolHandler ["http-nio-9250"]
2022-03-25 14:10:43 INFO  main o.s.b.w.e.t.TomcatWebServer Tomcat started on port(s): 9250 (http) with context path ''
2022-03-25 14:10:43 INFO  main c.w.a.a.AcsserviceApplication Started AcsserviceApplication in 6.188 seconds (JVM running for 8.045)
2022-03-25 14:10:48 INFO  http-nio-9250-exec-1 o.a.c.c.C.[.[.[/]    Initializing Spring DispatcherServlet 'dispatcherServlet'
2022-03-25 14:10:48 INFO  http-nio-9250-exec-1 o.s.w.s.DispatcherServlet Initializing Servlet 'dispatcherServlet'
2022-03-25 14:10:48 INFO  http-nio-9250-exec-1 o.s.w.s.DispatcherServlet Completed initialization in 2 ms
2022-03-25 14:17:39 INFO  main c.w.a.a.AcsserviceApplication Starting AcsserviceApplication using Java 11.0.10 on DESKTOP-SPKKHPB with PID 30796 (D:\08_aero\00_code\ACSService\target\classes started by ansen in D:\08_aero\00_code\ACSService)
2022-03-25 14:17:39 INFO  main c.w.a.a.AcsserviceApplication No active profile set, falling back to 1 default profile: "default"
2022-03-25 14:17:40 INFO  main o.s.b.w.e.t.TomcatWebServer Tomcat initialized with port(s): 9250 (http)
2022-03-25 14:17:40 INFO  main o.a.c.h.Http11NioProtocol Initializing ProtocolHandler ["http-nio-9250"]
2022-03-25 14:17:40 INFO  main o.a.c.c.StandardService Starting service [Tomcat]
2022-03-25 14:17:40 INFO  main o.a.c.c.StandardEngine Starting Servlet engine: [Apache Tomcat/9.0.58]
2022-03-25 14:17:40 INFO  main o.a.c.c.C.[.[.[/]    Initializing Spring embedded WebApplicationContext
2022-03-25 14:17:40 INFO  main o.s.b.w.s.c.ServletWebServerApplicationContext Root WebApplicationContext: initialization completed in 1104 ms
2022-03-25 14:17:40 INFO  main c.a.d.s.b.a.DruidDataSourceAutoConfigure Init DruidDataSource
2022-03-25 14:17:41 INFO  main c.a.d.p.DruidDataSource {dataSource-1} inited
2022-03-25 14:17:41 WARN  main c.b.m.c.m.TableInfoHelper Can not find table primary key in Class: "com.wim.aero.acs.db.entity.Apb".
2022-03-25 14:17:41 WARN  main c.b.m.c.i.DefaultSqlInjector class com.wim.aero.acs.db.entity.Apb ,Not found @TableId annotation, Cannot use Mybatis-Plus 'xxById' Method.
2022-03-25 14:17:41 WARN  main c.b.m.c.m.TableInfoHelper Can not find table primary key in Class: "com.wim.aero.acs.db.entity.CCardInfo".
2022-03-25 14:17:41 WARN  main c.b.m.c.i.DefaultSqlInjector class com.wim.aero.acs.db.entity.CCardInfo ,Not found @TableId annotation, Cannot use Mybatis-Plus 'xxById' Method.
2022-03-25 14:17:41 WARN  main c.b.m.c.m.TableInfoHelper Can not find table primary key in Class: "com.wim.aero.acs.db.entity.CardFormat".
2022-03-25 14:17:41 WARN  main c.b.m.c.i.DefaultSqlInjector class com.wim.aero.acs.db.entity.CardFormat ,Not found @TableId annotation, Cannot use Mybatis-Plus 'xxById' Method.
2022-03-25 14:17:41 WARN  main c.b.m.c.m.TableInfoHelper Can not find table primary key in Class: "com.wim.aero.acs.db.entity.DAccessLevelDoor".
2022-03-25 14:17:41 WARN  main c.b.m.c.i.DefaultSqlInjector class com.wim.aero.acs.db.entity.DAccessLevelDoor ,Not found @TableId annotation, Cannot use Mybatis-Plus 'xxById' Method.
2022-03-25 14:17:41 WARN  main c.b.m.c.m.TableInfoHelper Can not find table primary key in Class: "com.wim.aero.acs.db.entity.DAccessLevel".
2022-03-25 14:17:41 WARN  main c.b.m.c.i.DefaultSqlInjector class com.wim.aero.acs.db.entity.DAccessLevel ,Not found @TableId annotation, Cannot use Mybatis-Plus 'xxById' Method.
2022-03-25 14:17:41 WARN  main c.b.m.c.m.TableInfoHelper Can not find table primary key in Class: "com.wim.aero.acs.db.entity.DHoliday".
2022-03-25 14:17:41 WARN  main c.b.m.c.i.DefaultSqlInjector class com.wim.aero.acs.db.entity.DHoliday ,Not found @TableId annotation, Cannot use Mybatis-Plus 'xxById' Method.
2022-03-25 14:17:41 WARN  main c.b.m.c.m.TableInfoHelper Can not find table primary key in Class: "com.wim.aero.acs.db.entity.DSchedulesGroupDetail".
2022-03-25 14:17:41 WARN  main c.b.m.c.i.DefaultSqlInjector class com.wim.aero.acs.db.entity.DSchedulesGroupDetail ,Not found @TableId annotation, Cannot use Mybatis-Plus 'xxById' Method.
2022-03-25 14:17:41 WARN  main c.b.m.c.m.TableInfoHelper Can not find table primary key in Class: "com.wim.aero.acs.db.entity.DSchedulesGroup".
2022-03-25 14:17:41 WARN  main c.b.m.c.i.DefaultSqlInjector class com.wim.aero.acs.db.entity.DSchedulesGroup ,Not found @TableId annotation, Cannot use Mybatis-Plus 'xxById' Method.
2022-03-25 14:17:41 WARN  main c.b.m.c.m.TableInfoHelper Can not find table primary key in Class: "com.wim.aero.acs.db.entity.DSchedules".
2022-03-25 14:17:41 WARN  main c.b.m.c.i.DefaultSqlInjector class com.wim.aero.acs.db.entity.DSchedules ,Not found @TableId annotation, Cannot use Mybatis-Plus 'xxById' Method.
2022-03-25 14:17:41 WARN  main c.b.m.c.m.TableInfoHelper Can not find table primary key in Class: "com.wim.aero.acs.db.entity.DefenceInput".
2022-03-25 14:17:41 WARN  main c.b.m.c.i.DefaultSqlInjector class com.wim.aero.acs.db.entity.DefenceInput ,Not found @TableId annotation, Cannot use Mybatis-Plus 'xxById' Method.
2022-03-25 14:17:41 WARN  main c.b.m.c.m.TableInfoHelper Can not find table primary key in Class: "com.wim.aero.acs.db.entity.DevControllerCommonAttribute".
2022-03-25 14:17:41 WARN  main c.b.m.c.i.DefaultSqlInjector class com.wim.aero.acs.db.entity.DevControllerCommonAttribute ,Not found @TableId annotation, Cannot use Mybatis-Plus 'xxById' Method.
2022-03-25 14:17:41 WARN  main c.b.m.c.m.TableInfoHelper Can not find table primary key in Class: "com.wim.aero.acs.db.entity.EleLevelReader".
2022-03-25 14:17:41 WARN  main c.b.m.c.i.DefaultSqlInjector class com.wim.aero.acs.db.entity.EleLevelReader ,Not found @TableId annotation, Cannot use Mybatis-Plus 'xxById' Method.
2022-03-25 14:17:42 INFO  main o.a.c.h.Http11NioProtocol Starting ProtocolHandler ["http-nio-9250"]
2022-03-25 14:17:42 INFO  main o.s.b.w.e.t.TomcatWebServer Tomcat started on port(s): 9250 (http) with context path ''
2022-03-25 14:17:43 INFO  main c.w.a.a.AcsserviceApplication Started AcsserviceApplication in 3.89 seconds (JVM running for 5.246)
2022-03-25 14:17:47 INFO  http-nio-9250-exec-1 o.a.c.c.C.[.[.[/]    Initializing Spring DispatcherServlet 'dispatcherServlet'
2022-03-25 14:17:47 INFO  http-nio-9250-exec-1 o.s.w.s.DispatcherServlet Initializing Servlet 'dispatcherServlet'
2022-03-25 14:17:47 INFO  http-nio-9250-exec-1 o.s.w.s.DispatcherServlet Completed initialization in 1 ms
2022-03-25 14:18:59 INFO  http-nio-9250-exec-2 c.w.a.a.m.RequestMessage 47  120 0 47 1 3 [MpType(pointType=1, pointNum=1), MpType(pointType=2, pointNum=2), MpType(pointType=2, pointNum=3)]
2022-03-25 14:18:59 INFO  http-nio-9250-exec-2 c.w.a.a.m.RequestMessage 47  120 0 47 2 2 [MpType(pointType=1, pointNum=8), MpType(pointType=1, pointNum=10)]
2022-03-25 14:19:45 INFO  SpringApplicationShutdownHook c.a.d.p.DruidDataSource {dataSource-1} closing ...
2022-03-25 14:19:45 INFO  SpringApplicationShutdownHook c.a.d.p.DruidDataSource {dataSource-1} closed
